<?xml version="1.0" encoding="UTF-8"?>
<testsuite xmlns:xsi="http://www.w3.org/2001/XMLSchema-instance" xsi:noNamespaceSchemaLocation="https://maven.apache.org/surefire/maven-surefire-plugin/xsd/surefire-test-report.xsd" version="3.0.2" name="priv.lee90.learn.service.RequestPongTimerSpec" time="5.599" tests="1" errors="0" skipped="0" failures="0">
  <properties>
    <property name="sun.desktop" value="windows"/>
    <property name="awt.toolkit" value="sun.awt.windows.WToolkit"/>
    <property name="file.encoding.pkg" value="sun.io"/>
    <property name="java.specification.version" value="1.8"/>
    <property name="sun.cpu.isalist" value="amd64"/>
    <property name="sun.jnu.encoding" value="GBK"/>
    <property name="java.class.path" value="D:\workspace\springboot\ping-pong-demo\ping-service\target\test-classes;D:\workspace\springboot\ping-pong-demo\ping-service\target\classes;D:\repsitory\org\springframework\boot\spring-boot-starter-webflux\2.6.13\spring-boot-starter-webflux-2.6.13.jar;D:\repsitory\org\springframework\boot\spring-boot-starter\2.6.13\spring-boot-starter-2.6.13.jar;D:\repsitory\org\springframework\boot\spring-boot\2.6.13\spring-boot-2.6.13.jar;D:\repsitory\org\springframework\spring-context\5.3.23\spring-context-5.3.23.jar;D:\repsitory\org\springframework\spring-aop\5.3.23\spring-aop-5.3.23.jar;D:\repsitory\org\springframework\spring-expression\5.3.23\spring-expression-5.3.23.jar;D:\repsitory\org\springframework\boot\spring-boot-autoconfigure\2.6.13\spring-boot-autoconfigure-2.6.13.jar;D:\repsitory\jakarta\annotation\jakarta.annotation-api\1.3.5\jakarta.annotation-api-1.3.5.jar;D:\repsitory\org\yaml\snakeyaml\1.29\snakeyaml-1.29.jar;D:\repsitory\org\springframework\boot\spring-boot-starter-json\2.6.13\spring-boot-starter-json-2.6.13.jar;D:\repsitory\com\fasterxml\jackson\core\jackson-databind\2.13.4.2\jackson-databind-2.13.4.2.jar;D:\repsitory\com\fasterxml\jackson\core\jackson-annotations\2.13.4\jackson-annotations-2.13.4.jar;D:\repsitory\com\fasterxml\jackson\core\jackson-core\2.13.4\jackson-core-2.13.4.jar;D:\repsitory\com\fasterxml\jackson\datatype\jackson-datatype-jdk8\2.13.4\jackson-datatype-jdk8-2.13.4.jar;D:\repsitory\com\fasterxml\jackson\datatype\jackson-datatype-jsr310\2.13.4\jackson-datatype-jsr310-2.13.4.jar;D:\repsitory\com\fasterxml\jackson\module\jackson-module-parameter-names\2.13.4\jackson-module-parameter-names-2.13.4.jar;D:\repsitory\org\springframework\boot\spring-boot-starter-reactor-netty\2.6.13\spring-boot-starter-reactor-netty-2.6.13.jar;D:\repsitory\io\projectreactor\netty\reactor-netty-http\1.0.24\reactor-netty-http-1.0.24.jar;D:\repsitory\io\netty\netty-codec-http\4.1.84.Final\netty-codec-http-4.1.84.Final.jar;D:\repsitory\io\netty\netty-common\4.1.84.Final\netty-common-4.1.84.Final.jar;D:\repsitory\io\netty\netty-buffer\4.1.84.Final\netty-buffer-4.1.84.Final.jar;D:\repsitory\io\netty\netty-transport\4.1.84.Final\netty-transport-4.1.84.Final.jar;D:\repsitory\io\netty\netty-codec\4.1.84.Final\netty-codec-4.1.84.Final.jar;D:\repsitory\io\netty\netty-handler\4.1.84.Final\netty-handler-4.1.84.Final.jar;D:\repsitory\io\netty\netty-codec-http2\4.1.84.Final\netty-codec-http2-4.1.84.Final.jar;D:\repsitory\io\netty\netty-resolver-dns\4.1.84.Final\netty-resolver-dns-4.1.84.Final.jar;D:\repsitory\io\netty\netty-resolver\4.1.84.Final\netty-resolver-4.1.84.Final.jar;D:\repsitory\io\netty\netty-codec-dns\4.1.84.Final\netty-codec-dns-4.1.84.Final.jar;D:\repsitory\io\netty\netty-resolver-dns-native-macos\4.1.84.Final\netty-resolver-dns-native-macos-4.1.84.Final-osx-x86_64.jar;D:\repsitory\io\netty\netty-resolver-dns-classes-macos\4.1.84.Final\netty-resolver-dns-classes-macos-4.1.84.Final.jar;D:\repsitory\io\netty\netty-transport-native-epoll\4.1.84.Final\netty-transport-native-epoll-4.1.84.Final-linux-x86_64.jar;D:\repsitory\io\netty\netty-transport-native-unix-common\4.1.84.Final\netty-transport-native-unix-common-4.1.84.Final.jar;D:\repsitory\io\netty\netty-transport-classes-epoll\4.1.84.Final\netty-transport-classes-epoll-4.1.84.Final.jar;D:\repsitory\io\projectreactor\netty\reactor-netty-core\1.0.24\reactor-netty-core-1.0.24.jar;D:\repsitory\io\netty\netty-handler-proxy\4.1.84.Final\netty-handler-proxy-4.1.84.Final.jar;D:\repsitory\io\netty\netty-codec-socks\4.1.84.Final\netty-codec-socks-4.1.84.Final.jar;D:\repsitory\org\springframework\spring-web\5.3.23\spring-web-5.3.23.jar;D:\repsitory\org\springframework\spring-beans\5.3.23\spring-beans-5.3.23.jar;D:\repsitory\org\springframework\spring-webflux\5.3.23\spring-webflux-5.3.23.jar;D:\repsitory\org\springframework\boot\spring-boot-starter-logging\2.6.13\spring-boot-starter-logging-2.6.13.jar;D:\repsitory\ch\qos\logback\logback-classic\1.2.11\logback-classic-1.2.11.jar;D:\repsitory\ch\qos\logback\logback-core\1.2.11\logback-core-1.2.11.jar;D:\repsitory\org\slf4j\slf4j-api\1.7.36\slf4j-api-1.7.36.jar;D:\repsitory\org\apache\logging\log4j\log4j-to-slf4j\2.17.2\log4j-to-slf4j-2.17.2.jar;D:\repsitory\org\apache\logging\log4j\log4j-api\2.17.2\log4j-api-2.17.2.jar;D:\repsitory\org\slf4j\jul-to-slf4j\1.7.36\jul-to-slf4j-1.7.36.jar;D:\repsitory\org\springframework\boot\spring-boot-starter-test\2.6.13\spring-boot-starter-test-2.6.13.jar;D:\repsitory\org\springframework\boot\spring-boot-test\2.6.13\spring-boot-test-2.6.13.jar;D:\repsitory\org\springframework\boot\spring-boot-test-autoconfigure\2.6.13\spring-boot-test-autoconfigure-2.6.13.jar;D:\repsitory\com\jayway\jsonpath\json-path\2.6.0\json-path-2.6.0.jar;D:\repsitory\net\minidev\json-smart\2.4.8\json-smart-2.4.8.jar;D:\repsitory\net\minidev\accessors-smart\2.4.8\accessors-smart-2.4.8.jar;D:\repsitory\org\ow2\asm\asm\9.1\asm-9.1.jar;D:\repsitory\jakarta\xml\bind\jakarta.xml.bind-api\2.3.3\jakarta.xml.bind-api-2.3.3.jar;D:\repsitory\jakarta\activation\jakarta.activation-api\1.2.2\jakarta.activation-api-1.2.2.jar;D:\repsitory\org\assertj\assertj-core\3.21.0\assertj-core-3.21.0.jar;D:\repsitory\org\hamcrest\hamcrest\2.2\hamcrest-2.2.jar;D:\repsitory\org\mockito\mockito-core\4.0.0\mockito-core-4.0.0.jar;D:\repsitory\net\bytebuddy\byte-buddy\1.11.22\byte-buddy-1.11.22.jar;D:\repsitory\net\bytebuddy\byte-buddy-agent\1.11.22\byte-buddy-agent-1.11.22.jar;D:\repsitory\org\objenesis\objenesis\3.2\objenesis-3.2.jar;D:\repsitory\org\mockito\mockito-junit-jupiter\4.0.0\mockito-junit-jupiter-4.0.0.jar;D:\repsitory\org\junit\jupiter\junit-jupiter-api\5.8.2\junit-jupiter-api-5.8.2.jar;D:\repsitory\org\skyscreamer\jsonassert\1.5.1\jsonassert-1.5.1.jar;D:\repsitory\com\vaadin\external\google\android-json\0.0.20131108.vaadin1\android-json-0.0.20131108.vaadin1.jar;D:\repsitory\org\springframework\spring-core\5.3.23\spring-core-5.3.23.jar;D:\repsitory\org\springframework\spring-jcl\5.3.23\spring-jcl-5.3.23.jar;D:\repsitory\org\springframework\spring-test\5.3.23\spring-test-5.3.23.jar;D:\repsitory\org\xmlunit\xmlunit-core\2.8.4\xmlunit-core-2.8.4.jar;D:\repsitory\org\spockframework\spock-core\2.0-groovy-3.0\spock-core-2.0-groovy-3.0.jar;D:\repsitory\org\junit\platform\junit-platform-engine\1.8.2\junit-platform-engine-1.8.2.jar;D:\repsitory\org\opentest4j\opentest4j\1.2.0\opentest4j-1.2.0.jar;D:\repsitory\org\junit\platform\junit-platform-commons\1.8.2\junit-platform-commons-1.8.2.jar;D:\repsitory\org\apiguardian\apiguardian-api\1.1.2\apiguardian-api-1.1.2.jar;D:\repsitory\org\spockframework\spock-spring\2.0-groovy-3.0\spock-spring-2.0-groovy-3.0.jar;D:\repsitory\org\codehaus\groovy\groovy\3.0.9\groovy-3.0.9.jar;D:\repsitory\io\projectreactor\reactor-test\3.4.24\reactor-test-3.4.24.jar;D:\repsitory\io\projectreactor\reactor-core\3.4.24\reactor-core-3.4.24.jar;D:\repsitory\org\reactivestreams\reactive-streams\1.0.4\reactive-streams-1.0.4.jar;D:\repsitory\junit\junit\4.13.2\junit-4.13.2.jar;D:\repsitory\org\hamcrest\hamcrest-core\2.2\hamcrest-core-2.2.jar;"/>
    <property name="java.vm.vendor" value="Oracle Corporation"/>
    <property name="sun.arch.data.model" value="64"/>
    <property name="user.variant" value=""/>
    <property name="java.vendor.url" value="http://java.oracle.com/"/>
    <property name="user.timezone" value="Asia/Shanghai"/>
    <property name="java.vm.specification.version" value="1.8"/>
    <property name="os.name" value="Windows 10"/>
    <property name="user.country" value="CN"/>
    <property name="sun.java.launcher" value="SUN_STANDARD"/>
    <property name="sun.boot.library.path" value="C:\Java\jdk1.8.0_181\jre\bin"/>
    <property name="sun.java.command" value="C:\Users\李志健\AppData\Local\Temp\surefire3606537127251359611\surefirebooter-20240925162432166_3.jar C:\Users\李志健\AppData\Local\Temp\surefire3606537127251359611 2024-09-25T16-24-31_950-jvmRun1 surefire-20240925162432166_1tmp surefire_0-20240925162432166_2tmp"/>
    <property name="surefire.test.class.path" value="D:\workspace\springboot\ping-pong-demo\ping-service\target\test-classes;D:\workspace\springboot\ping-pong-demo\ping-service\target\classes;D:\repsitory\org\springframework\boot\spring-boot-starter-webflux\2.6.13\spring-boot-starter-webflux-2.6.13.jar;D:\repsitory\org\springframework\boot\spring-boot-starter\2.6.13\spring-boot-starter-2.6.13.jar;D:\repsitory\org\springframework\boot\spring-boot\2.6.13\spring-boot-2.6.13.jar;D:\repsitory\org\springframework\spring-context\5.3.23\spring-context-5.3.23.jar;D:\repsitory\org\springframework\spring-aop\5.3.23\spring-aop-5.3.23.jar;D:\repsitory\org\springframework\spring-expression\5.3.23\spring-expression-5.3.23.jar;D:\repsitory\org\springframework\boot\spring-boot-autoconfigure\2.6.13\spring-boot-autoconfigure-2.6.13.jar;D:\repsitory\jakarta\annotation\jakarta.annotation-api\1.3.5\jakarta.annotation-api-1.3.5.jar;D:\repsitory\org\yaml\snakeyaml\1.29\snakeyaml-1.29.jar;D:\repsitory\org\springframework\boot\spring-boot-starter-json\2.6.13\spring-boot-starter-json-2.6.13.jar;D:\repsitory\com\fasterxml\jackson\core\jackson-databind\2.13.4.2\jackson-databind-2.13.4.2.jar;D:\repsitory\com\fasterxml\jackson\core\jackson-annotations\2.13.4\jackson-annotations-2.13.4.jar;D:\repsitory\com\fasterxml\jackson\core\jackson-core\2.13.4\jackson-core-2.13.4.jar;D:\repsitory\com\fasterxml\jackson\datatype\jackson-datatype-jdk8\2.13.4\jackson-datatype-jdk8-2.13.4.jar;D:\repsitory\com\fasterxml\jackson\datatype\jackson-datatype-jsr310\2.13.4\jackson-datatype-jsr310-2.13.4.jar;D:\repsitory\com\fasterxml\jackson\module\jackson-module-parameter-names\2.13.4\jackson-module-parameter-names-2.13.4.jar;D:\repsitory\org\springframework\boot\spring-boot-starter-reactor-netty\2.6.13\spring-boot-starter-reactor-netty-2.6.13.jar;D:\repsitory\io\projectreactor\netty\reactor-netty-http\1.0.24\reactor-netty-http-1.0.24.jar;D:\repsitory\io\netty\netty-codec-http\4.1.84.Final\netty-codec-http-4.1.84.Final.jar;D:\repsitory\io\netty\netty-common\4.1.84.Final\netty-common-4.1.84.Final.jar;D:\repsitory\io\netty\netty-buffer\4.1.84.Final\netty-buffer-4.1.84.Final.jar;D:\repsitory\io\netty\netty-transport\4.1.84.Final\netty-transport-4.1.84.Final.jar;D:\repsitory\io\netty\netty-codec\4.1.84.Final\netty-codec-4.1.84.Final.jar;D:\repsitory\io\netty\netty-handler\4.1.84.Final\netty-handler-4.1.84.Final.jar;D:\repsitory\io\netty\netty-codec-http2\4.1.84.Final\netty-codec-http2-4.1.84.Final.jar;D:\repsitory\io\netty\netty-resolver-dns\4.1.84.Final\netty-resolver-dns-4.1.84.Final.jar;D:\repsitory\io\netty\netty-resolver\4.1.84.Final\netty-resolver-4.1.84.Final.jar;D:\repsitory\io\netty\netty-codec-dns\4.1.84.Final\netty-codec-dns-4.1.84.Final.jar;D:\repsitory\io\netty\netty-resolver-dns-native-macos\4.1.84.Final\netty-resolver-dns-native-macos-4.1.84.Final-osx-x86_64.jar;D:\repsitory\io\netty\netty-resolver-dns-classes-macos\4.1.84.Final\netty-resolver-dns-classes-macos-4.1.84.Final.jar;D:\repsitory\io\netty\netty-transport-native-epoll\4.1.84.Final\netty-transport-native-epoll-4.1.84.Final-linux-x86_64.jar;D:\repsitory\io\netty\netty-transport-native-unix-common\4.1.84.Final\netty-transport-native-unix-common-4.1.84.Final.jar;D:\repsitory\io\netty\netty-transport-classes-epoll\4.1.84.Final\netty-transport-classes-epoll-4.1.84.Final.jar;D:\repsitory\io\projectreactor\netty\reactor-netty-core\1.0.24\reactor-netty-core-1.0.24.jar;D:\repsitory\io\netty\netty-handler-proxy\4.1.84.Final\netty-handler-proxy-4.1.84.Final.jar;D:\repsitory\io\netty\netty-codec-socks\4.1.84.Final\netty-codec-socks-4.1.84.Final.jar;D:\repsitory\org\springframework\spring-web\5.3.23\spring-web-5.3.23.jar;D:\repsitory\org\springframework\spring-beans\5.3.23\spring-beans-5.3.23.jar;D:\repsitory\org\springframework\spring-webflux\5.3.23\spring-webflux-5.3.23.jar;D:\repsitory\org\springframework\boot\spring-boot-starter-logging\2.6.13\spring-boot-starter-logging-2.6.13.jar;D:\repsitory\ch\qos\logback\logback-classic\1.2.11\logback-classic-1.2.11.jar;D:\repsitory\ch\qos\logback\logback-core\1.2.11\logback-core-1.2.11.jar;D:\repsitory\org\slf4j\slf4j-api\1.7.36\slf4j-api-1.7.36.jar;D:\repsitory\org\apache\logging\log4j\log4j-to-slf4j\2.17.2\log4j-to-slf4j-2.17.2.jar;D:\repsitory\org\apache\logging\log4j\log4j-api\2.17.2\log4j-api-2.17.2.jar;D:\repsitory\org\slf4j\jul-to-slf4j\1.7.36\jul-to-slf4j-1.7.36.jar;D:\repsitory\org\springframework\boot\spring-boot-starter-test\2.6.13\spring-boot-starter-test-2.6.13.jar;D:\repsitory\org\springframework\boot\spring-boot-test\2.6.13\spring-boot-test-2.6.13.jar;D:\repsitory\org\springframework\boot\spring-boot-test-autoconfigure\2.6.13\spring-boot-test-autoconfigure-2.6.13.jar;D:\repsitory\com\jayway\jsonpath\json-path\2.6.0\json-path-2.6.0.jar;D:\repsitory\net\minidev\json-smart\2.4.8\json-smart-2.4.8.jar;D:\repsitory\net\minidev\accessors-smart\2.4.8\accessors-smart-2.4.8.jar;D:\repsitory\org\ow2\asm\asm\9.1\asm-9.1.jar;D:\repsitory\jakarta\xml\bind\jakarta.xml.bind-api\2.3.3\jakarta.xml.bind-api-2.3.3.jar;D:\repsitory\jakarta\activation\jakarta.activation-api\1.2.2\jakarta.activation-api-1.2.2.jar;D:\repsitory\org\assertj\assertj-core\3.21.0\assertj-core-3.21.0.jar;D:\repsitory\org\hamcrest\hamcrest\2.2\hamcrest-2.2.jar;D:\repsitory\org\mockito\mockito-core\4.0.0\mockito-core-4.0.0.jar;D:\repsitory\net\bytebuddy\byte-buddy\1.11.22\byte-buddy-1.11.22.jar;D:\repsitory\net\bytebuddy\byte-buddy-agent\1.11.22\byte-buddy-agent-1.11.22.jar;D:\repsitory\org\objenesis\objenesis\3.2\objenesis-3.2.jar;D:\repsitory\org\mockito\mockito-junit-jupiter\4.0.0\mockito-junit-jupiter-4.0.0.jar;D:\repsitory\org\junit\jupiter\junit-jupiter-api\5.8.2\junit-jupiter-api-5.8.2.jar;D:\repsitory\org\skyscreamer\jsonassert\1.5.1\jsonassert-1.5.1.jar;D:\repsitory\com\vaadin\external\google\android-json\0.0.20131108.vaadin1\android-json-0.0.20131108.vaadin1.jar;D:\repsitory\org\springframework\spring-core\5.3.23\spring-core-5.3.23.jar;D:\repsitory\org\springframework\spring-jcl\5.3.23\spring-jcl-5.3.23.jar;D:\repsitory\org\springframework\spring-test\5.3.23\spring-test-5.3.23.jar;D:\repsitory\org\xmlunit\xmlunit-core\2.8.4\xmlunit-core-2.8.4.jar;D:\repsitory\org\spockframework\spock-core\2.0-groovy-3.0\spock-core-2.0-groovy-3.0.jar;D:\repsitory\org\junit\platform\junit-platform-engine\1.8.2\junit-platform-engine-1.8.2.jar;D:\repsitory\org\opentest4j\opentest4j\1.2.0\opentest4j-1.2.0.jar;D:\repsitory\org\junit\platform\junit-platform-commons\1.8.2\junit-platform-commons-1.8.2.jar;D:\repsitory\org\apiguardian\apiguardian-api\1.1.2\apiguardian-api-1.1.2.jar;D:\repsitory\org\spockframework\spock-spring\2.0-groovy-3.0\spock-spring-2.0-groovy-3.0.jar;D:\repsitory\org\codehaus\groovy\groovy\3.0.9\groovy-3.0.9.jar;D:\repsitory\io\projectreactor\reactor-test\3.4.24\reactor-test-3.4.24.jar;D:\repsitory\io\projectreactor\reactor-core\3.4.24\reactor-core-3.4.24.jar;D:\repsitory\org\reactivestreams\reactive-streams\1.0.4\reactive-streams-1.0.4.jar;D:\repsitory\junit\junit\4.13.2\junit-4.13.2.jar;D:\repsitory\org\hamcrest\hamcrest-core\2.2\hamcrest-core-2.2.jar;"/>
    <property name="sun.cpu.endian" value="little"/>
    <property name="user.home" value="C:\Users\李志健"/>
    <property name="user.language" value="zh"/>
    <property name="java.specification.vendor" value="Oracle Corporation"/>
    <property name="java.home" value="C:\Java\jdk1.8.0_181\jre"/>
    <property name="basedir" value="D:\workspace\springboot\ping-pong-demo\ping-service"/>
    <property name="file.separator" value="\"/>
    <property name="line.separator" value="&#10;"/>
    <property name="java.vm.specification.vendor" value="Oracle Corporation"/>
    <property name="java.specification.name" value="Java Platform API Specification"/>
    <property name="FILE_LOG_CHARSET" value="GBK"/>
    <property name="java.awt.graphicsenv" value="sun.awt.Win32GraphicsEnvironment"/>
    <property name="java.awt.headless" value="true"/>
    <property name="surefire.real.class.path" value="C:\Users\李志健\AppData\Local\Temp\surefire3606537127251359611\surefirebooter-20240925162432166_3.jar;D:\\repsitory\\org\\jacoco\\org.jacoco.agent\\0.8.12\\org.jacoco.agent-0.8.12-runtime.jar"/>
    <property name="sun.boot.class.path" value="C:\Java\jdk1.8.0_181\jre\lib\resources.jar;C:\Java\jdk1.8.0_181\jre\lib\rt.jar;C:\Java\jdk1.8.0_181\jre\lib\sunrsasign.jar;C:\Java\jdk1.8.0_181\jre\lib\jsse.jar;C:\Java\jdk1.8.0_181\jre\lib\jce.jar;C:\Java\jdk1.8.0_181\jre\lib\charsets.jar;C:\Java\jdk1.8.0_181\jre\lib\jfr.jar;C:\Java\jdk1.8.0_181\jre\classes"/>
    <property name="user.script" value=""/>
    <property name="sun.management.compiler" value="HotSpot 64-Bit Tiered Compilers"/>
    <property name="java.runtime.version" value="1.8.0_181-b13"/>
    <property name="user.name" value="李志健"/>
    <property name="path.separator" value=";"/>
    <property name="os.version" value="10.0"/>
    <property name="java.endorsed.dirs" value="C:\Java\jdk1.8.0_181\jre\lib\endorsed"/>
    <property name="java.runtime.name" value="Java(TM) SE Runtime Environment"/>
    <property name="file.encoding" value="GBK"/>
    <property name="spring.beaninfo.ignore" value="true"/>
    <property name="java.vm.name" value="Java HotSpot(TM) 64-Bit Server VM"/>
    <property name="localRepository" value="D:\repsitory"/>
    <property name="java.vendor.url.bug" value="http://bugreport.sun.com/bugreport/"/>
    <property name="java.io.tmpdir" value="C:\Users\李志健\AppData\Local\Temp\"/>
    <property name="java.version" value="1.8.0_181"/>
    <property name="user.dir" value="D:\workspace\springboot\ping-pong-demo\ping-service"/>
    <property name="os.arch" value="amd64"/>
    <property name="java.vm.specification.name" value="Java Virtual Machine Specification"/>
    <property name="PID" value="30528"/>
    <property name="java.awt.printerjob" value="sun.awt.windows.WPrinterJob"/>
    <property name="sun.os.patch.level" value=""/>
    <property name="CONSOLE_LOG_CHARSET" value="GBK"/>
    <property name="java.library.path" value="C:\Java\jdk1.8.0_181\jre\bin;C:\WINDOWS\Sun\Java\bin;C:\WINDOWS\system32;C:\WINDOWS;D:\Program Files (x86)\ShadowBot;D:\Program Files\python\Scripts\;D:\Program Files\python\;C:\Program Files (x86)\Common Files\Oracle\Java\java8path;C:\Program Files (x86)\Common Files\Oracle\Java\javapath;C:\Windows\System32\HWAudioDriverLibs;C:\Windows\system32;C:\Windows;C:\Windows\System32\Wbem;C:\Windows\System32\WindowsPowerShell\v1.0\;C:\Windows\System32\OpenSSH\;C:\Users\Administrator\AppData\Local\Microsoft\WindowsApps;C:\Java\jdk1.8.0_181\bin;C:\Java\jdk1.8.0_181\jre\bin;C:\Program Files\Docker\Docker\resources\bin;C:\ProgramData\DockerDesktop\version-bin;D:\Program Files\Git\cmd;C:\WINDOWS\system32;C:\WINDOWS;C:\WINDOWS\System32\Wbem;C:\WINDOWS\System32\WindowsPowerShell\v1.0\;C:\WINDOWS\System32\OpenSSH\;C:\Program Files\nodejs\;D:\nodejs\node_global;C:\apache-maven-3.6.3\bin;D:\Program Files (x86)\ShadowBot;C:\Users\李志健\AppData\Local\Microsoft\WindowsApps;D:\Program Files\JetBrains\IntelliJ IDEA Community Edition 2022.1.3\bin;C:\Users\李志健\AppData\Local\Microsoft\WindowsApps;C:\Users\李志健\AppData\Local\GitHubDesktop\bin;D:\Program Files\Microsoft VS Code\bin;C:\Users\李志健\AppData\Roaming\npm;."/>
    <property name="java.vm.info" value="mixed mode"/>
    <property name="java.vendor" value="Oracle Corporation"/>
    <property name="java.vm.version" value="25.181-b13"/>
    <property name="java.ext.dirs" value="C:\Java\jdk1.8.0_181\jre\lib\ext;C:\WINDOWS\Sun\Java\lib\ext"/>
    <property name="sun.io.unicode.encoding" value="UnicodeLittle"/>
    <property name="java.class.version" value="52.0"/>
  </properties>
  <testcase name="helloPong should schedule task with fixed delay" classname="priv.lee90.learn.service.RequestPongTimerSpec" time="3.565">
    <system-out><![CDATA[16:24:33.194 [main] DEBUG org.springframework.test.annotation.ProfileValueUtils - Retrieved @ProfileValueSourceConfiguration [null] for test class [priv.lee90.learn.service.RequestPongTimerSpec]
16:24:33.200 [main] DEBUG org.springframework.test.annotation.ProfileValueUtils - Retrieved ProfileValueSource type [class org.springframework.test.annotation.SystemProfileValueSource] for class [priv.lee90.learn.service.RequestPongTimerSpec]
16:24:33.200 [main] DEBUG org.springframework.test.annotation.ProfileValueUtils - Retrieved @ProfileValueSourceConfiguration [null] for test class [priv.lee90.learn.service.RequestPongTimerSpec]
16:24:33.200 [main] DEBUG org.springframework.test.annotation.ProfileValueUtils - Retrieved ProfileValueSource type [class org.springframework.test.annotation.SystemProfileValueSource] for class [priv.lee90.learn.service.RequestPongTimerSpec]
16:24:33.212 [main] DEBUG org.springframework.test.context.BootstrapUtils - Instantiating CacheAwareContextLoaderDelegate from class [org.springframework.test.context.cache.DefaultCacheAwareContextLoaderDelegate]
16:24:33.224 [main] DEBUG org.springframework.test.context.BootstrapUtils - Instantiating BootstrapContext using constructor [public org.springframework.test.context.support.DefaultBootstrapContext(java.lang.Class,org.springframework.test.context.CacheAwareContextLoaderDelegate)]
16:24:33.240 [main] DEBUG org.springframework.test.context.BootstrapUtils - Instantiating TestContextBootstrapper for test class [priv.lee90.learn.service.RequestPongTimerSpec] from class [org.springframework.boot.test.context.SpringBootTestContextBootstrapper]
16:24:33.255 [main] INFO org.springframework.boot.test.context.SpringBootTestContextBootstrapper - Neither @ContextConfiguration nor @ContextHierarchy found for test class [priv.lee90.learn.service.RequestPongTimerSpec], using SpringBootContextLoader
16:24:33.267 [main] DEBUG org.springframework.test.context.support.AbstractContextLoader - Did not detect default resource location for test class [priv.lee90.learn.service.RequestPongTimerSpec]: class path resource [priv/lee90/learn/service/RequestPongTimerSpec-context.xml] does not exist
16:24:33.268 [main] DEBUG org.springframework.test.context.support.AbstractContextLoader - Did not detect default resource location for test class [priv.lee90.learn.service.RequestPongTimerSpec]: class path resource [priv/lee90/learn/service/RequestPongTimerSpecContext.groovy] does not exist
16:24:33.268 [main] INFO org.springframework.test.context.support.AbstractContextLoader - Could not detect default resource locations for test class [priv.lee90.learn.service.RequestPongTimerSpec]: no resource found for suffixes {-context.xml, Context.groovy}.
16:24:33.269 [main] INFO org.springframework.test.context.support.AnnotationConfigContextLoaderUtils - Could not detect default configuration classes for test class [priv.lee90.learn.service.RequestPongTimerSpec]: RequestPongTimerSpec does not declare any static, non-private, non-final, nested classes annotated with @Configuration.
16:24:33.372 [main] DEBUG org.springframework.test.context.support.ActiveProfilesUtils - Could not find an 'annotation declaring class' for annotation type [org.springframework.test.context.ActiveProfiles] and class [priv.lee90.learn.service.RequestPongTimerSpec]
16:24:33.478 [main] DEBUG org.springframework.context.annotation.ClassPathScanningCandidateComponentProvider - Identified candidate component class: file [D:\workspace\springboot\ping-pong-demo\ping-service\target\classes\priv\lee90\learn\PingApplication.class]
16:24:33.479 [main] INFO org.springframework.boot.test.context.SpringBootTestContextBootstrapper - Found @SpringBootConfiguration priv.lee90.learn.PingApplication for test class priv.lee90.learn.service.RequestPongTimerSpec
16:24:33.612 [main] DEBUG org.springframework.boot.test.context.SpringBootTestContextBootstrapper - @TestExecutionListeners is not present for class [priv.lee90.learn.service.RequestPongTimerSpec]: using defaults.
16:24:33.612 [main] INFO org.springframework.boot.test.context.SpringBootTestContextBootstrapper - Loaded default TestExecutionListener class names from location [META-INF/spring.factories]: [org.springframework.boot.test.mock.mockito.MockitoTestExecutionListener, org.springframework.boot.test.mock.mockito.ResetMocksTestExecutionListener, org.springframework.boot.test.autoconfigure.restdocs.RestDocsTestExecutionListener, org.springframework.boot.test.autoconfigure.web.client.MockRestServiceServerResetTestExecutionListener, org.springframework.boot.test.autoconfigure.web.servlet.MockMvcPrintOnlyOnFailureTestExecutionListener, org.springframework.boot.test.autoconfigure.web.servlet.WebDriverTestExecutionListener, org.springframework.boot.test.autoconfigure.webservices.client.MockWebServiceServerTestExecutionListener, org.springframework.test.context.web.ServletTestExecutionListener, org.springframework.test.context.support.DirtiesContextBeforeModesTestExecutionListener, org.springframework.test.context.event.ApplicationEventsTestExecutionListener, org.springframework.test.context.support.DependencyInjectionTestExecutionListener, org.springframework.test.context.support.DirtiesContextTestExecutionListener, org.springframework.test.context.transaction.TransactionalTestExecutionListener, org.springframework.test.context.jdbc.SqlScriptsTestExecutionListener, org.springframework.test.context.event.EventPublishingTestExecutionListener, org.spockframework.spring.SpringMockTestExecutionListener]
16:24:33.627 [main] DEBUG org.springframework.boot.test.context.SpringBootTestContextBootstrapper - Skipping candidate TestExecutionListener [org.springframework.test.context.web.ServletTestExecutionListener] due to a missing dependency. Specify custom listener classes or make the default listener classes and their required dependencies available. Offending class: [javax/servlet/ServletContext]
16:24:33.630 [main] DEBUG org.springframework.boot.test.context.SpringBootTestContextBootstrapper - Skipping candidate TestExecutionListener [org.springframework.test.context.transaction.TransactionalTestExecutionListener] due to a missing dependency. Specify custom listener classes or make the default listener classes and their required dependencies available. Offending class: [org/springframework/transaction/interceptor/TransactionAttributeSource]
16:24:33.631 [main] DEBUG org.springframework.boot.test.context.SpringBootTestContextBootstrapper - Skipping candidate TestExecutionListener [org.springframework.test.context.jdbc.SqlScriptsTestExecutionListener] due to a missing dependency. Specify custom listener classes or make the default listener classes and their required dependencies available. Offending class: [org/springframework/transaction/interceptor/TransactionAttribute]
16:24:33.631 [main] INFO org.springframework.boot.test.context.SpringBootTestContextBootstrapper - Using TestExecutionListeners: [org.springframework.test.context.support.DirtiesContextBeforeModesTestExecutionListener@ca10069, org.springframework.test.context.event.ApplicationEventsTestExecutionListener@45e69324, org.springframework.boot.test.mock.mockito.MockitoTestExecutionListener@3c89b864, org.springframework.boot.test.autoconfigure.SpringBootDependencyInjectionTestExecutionListener@3400d6fa, org.springframework.test.context.support.DirtiesContextTestExecutionListener@30a62a5b, org.springframework.test.context.event.EventPublishingTestExecutionListener@41a8f0d8, org.springframework.boot.test.mock.mockito.ResetMocksTestExecutionListener@30133a11, org.springframework.boot.test.autoconfigure.restdocs.RestDocsTestExecutionListener@2168def, org.springframework.boot.test.autoconfigure.web.client.MockRestServiceServerResetTestExecutionListener@3639b04, org.springframework.boot.test.autoconfigure.web.servlet.MockMvcPrintOnlyOnFailureTestExecutionListener@5cb8580, org.springframework.boot.test.autoconfigure.web.servlet.WebDriverTestExecutionListener@2ca1e49a, org.springframework.boot.test.autoconfigure.webservices.client.MockWebServiceServerTestExecutionListener@1aee6d14, org.spockframework.spring.SpringMockTestExecutionListener@54a6ef6]
16:24:33.721 [main] DEBUG org.springframework.test.annotation.ProfileValueUtils - Retrieved @ProfileValueSourceConfiguration [null] for test class [priv.lee90.learn.service.RequestPongTimerTest]
16:24:33.721 [main] DEBUG org.springframework.test.annotation.ProfileValueUtils - Retrieved ProfileValueSource type [class org.springframework.test.annotation.SystemProfileValueSource] for class [priv.lee90.learn.service.RequestPongTimerTest]
16:24:33.721 [main] DEBUG org.springframework.test.annotation.ProfileValueUtils - Retrieved @ProfileValueSourceConfiguration [null] for test class [priv.lee90.learn.service.RequestPongTimerTest]
16:24:33.721 [main] DEBUG org.springframework.test.annotation.ProfileValueUtils - Retrieved ProfileValueSource type [class org.springframework.test.annotation.SystemProfileValueSource] for class [priv.lee90.learn.service.RequestPongTimerTest]
16:24:33.721 [main] DEBUG org.springframework.test.context.BootstrapUtils - Instantiating CacheAwareContextLoaderDelegate from class [org.springframework.test.context.cache.DefaultCacheAwareContextLoaderDelegate]
16:24:33.721 [main] DEBUG org.springframework.test.context.BootstrapUtils - Instantiating BootstrapContext using constructor [public org.springframework.test.context.support.DefaultBootstrapContext(java.lang.Class,org.springframework.test.context.CacheAwareContextLoaderDelegate)]
16:24:33.722 [main] DEBUG org.springframework.test.context.BootstrapUtils - Instantiating TestContextBootstrapper for test class [priv.lee90.learn.service.RequestPongTimerTest] from class [org.springframework.boot.test.context.SpringBootTestContextBootstrapper]
16:24:33.722 [main] INFO org.springframework.boot.test.context.SpringBootTestContextBootstrapper - Neither @ContextConfiguration nor @ContextHierarchy found for test class [priv.lee90.learn.service.RequestPongTimerTest], using SpringBootContextLoader
16:24:33.723 [main] DEBUG org.springframework.test.context.support.AbstractContextLoader - Did not detect default resource location for test class [priv.lee90.learn.service.RequestPongTimerTest]: class path resource [priv/lee90/learn/service/RequestPongTimerTest-context.xml] does not exist
16:24:33.723 [main] DEBUG org.springframework.test.context.support.AbstractContextLoader - Did not detect default resource location for test class [priv.lee90.learn.service.RequestPongTimerTest]: class path resource [priv/lee90/learn/service/RequestPongTimerTestContext.groovy] does not exist
16:24:33.723 [main] INFO org.springframework.test.context.support.AbstractContextLoader - Could not detect default resource locations for test class [priv.lee90.learn.service.RequestPongTimerTest]: no resource found for suffixes {-context.xml, Context.groovy}.
16:24:33.723 [main] INFO org.springframework.test.context.support.AnnotationConfigContextLoaderUtils - Could not detect default configuration classes for test class [priv.lee90.learn.service.RequestPongTimerTest]: RequestPongTimerTest does not declare any static, non-private, non-final, nested classes annotated with @Configuration.
16:24:33.726 [main] DEBUG org.springframework.test.context.support.ActiveProfilesUtils - Could not find an 'annotation declaring class' for annotation type [org.springframework.test.context.ActiveProfiles] and class [priv.lee90.learn.service.RequestPongTimerTest]
16:24:33.727 [main] INFO org.springframework.boot.test.context.SpringBootTestContextBootstrapper - Found @SpringBootConfiguration priv.lee90.learn.PingApplication for test class priv.lee90.learn.service.RequestPongTimerTest
16:24:33.731 [main] DEBUG org.springframework.boot.test.context.SpringBootTestContextBootstrapper - @TestExecutionListeners is not present for class [priv.lee90.learn.service.RequestPongTimerTest]: using defaults.
16:24:33.731 [main] INFO org.springframework.boot.test.context.SpringBootTestContextBootstrapper - Loaded default TestExecutionListener class names from location [META-INF/spring.factories]: [org.springframework.boot.test.mock.mockito.MockitoTestExecutionListener, org.springframework.boot.test.mock.mockito.ResetMocksTestExecutionListener, org.springframework.boot.test.autoconfigure.restdocs.RestDocsTestExecutionListener, org.springframework.boot.test.autoconfigure.web.client.MockRestServiceServerResetTestExecutionListener, org.springframework.boot.test.autoconfigure.web.servlet.MockMvcPrintOnlyOnFailureTestExecutionListener, org.springframework.boot.test.autoconfigure.web.servlet.WebDriverTestExecutionListener, org.springframework.boot.test.autoconfigure.webservices.client.MockWebServiceServerTestExecutionListener, org.springframework.test.context.web.ServletTestExecutionListener, org.springframework.test.context.support.DirtiesContextBeforeModesTestExecutionListener, org.springframework.test.context.event.ApplicationEventsTestExecutionListener, org.springframework.test.context.support.DependencyInjectionTestExecutionListener, org.springframework.test.context.support.DirtiesContextTestExecutionListener, org.springframework.test.context.transaction.TransactionalTestExecutionListener, org.springframework.test.context.jdbc.SqlScriptsTestExecutionListener, org.springframework.test.context.event.EventPublishingTestExecutionListener, org.spockframework.spring.SpringMockTestExecutionListener]
16:24:33.732 [main] DEBUG org.springframework.boot.test.context.SpringBootTestContextBootstrapper - Skipping candidate TestExecutionListener [org.springframework.test.context.web.ServletTestExecutionListener] due to a missing dependency. Specify custom listener classes or make the default listener classes and their required dependencies available. Offending class: [javax/servlet/ServletContext]
16:24:33.732 [main] DEBUG org.springframework.boot.test.context.SpringBootTestContextBootstrapper - Skipping candidate TestExecutionListener [org.springframework.test.context.transaction.TransactionalTestExecutionListener] due to a missing dependency. Specify custom listener classes or make the default listener classes and their required dependencies available. Offending class: [org/springframework/transaction/interceptor/TransactionAttributeSource]
16:24:33.732 [main] DEBUG org.springframework.boot.test.context.SpringBootTestContextBootstrapper - Skipping candidate TestExecutionListener [org.springframework.test.context.jdbc.SqlScriptsTestExecutionListener] due to a missing dependency. Specify custom listener classes or make the default listener classes and their required dependencies available. Offending class: [org/springframework/transaction/interceptor/TransactionAttribute]
16:24:33.733 [main] INFO org.springframework.boot.test.context.SpringBootTestContextBootstrapper - Using TestExecutionListeners: [org.springframework.test.context.support.DirtiesContextBeforeModesTestExecutionListener@5f01fb5c, org.springframework.test.context.event.ApplicationEventsTestExecutionListener@75c77add, org.springframework.boot.test.mock.mockito.MockitoTestExecutionListener@d5e3f55, org.springframework.boot.test.autoconfigure.SpringBootDependencyInjectionTestExecutionListener@53df7e67, org.springframework.test.context.support.DirtiesContextTestExecutionListener@3d4b45b, org.springframework.test.context.event.EventPublishingTestExecutionListener@4d0b276e, org.springframework.boot.test.mock.mockito.ResetMocksTestExecutionListener@31531d0d, org.springframework.boot.test.autoconfigure.restdocs.RestDocsTestExecutionListener@19d76106, org.springframework.boot.test.autoconfigure.web.client.MockRestServiceServerResetTestExecutionListener@3f87780b, org.springframework.boot.test.autoconfigure.web.servlet.MockMvcPrintOnlyOnFailureTestExecutionListener@2ba318c2, org.springframework.boot.test.autoconfigure.web.servlet.WebDriverTestExecutionListener@231d3ce, org.springframework.boot.test.autoconfigure.webservices.client.MockWebServiceServerTestExecutionListener@204c5ddf, org.spockframework.spring.SpringMockTestExecutionListener@240f2efd]
16:24:33.740 [main] DEBUG org.springframework.test.annotation.ProfileValueUtils - Retrieved @ProfileValueSourceConfiguration [null] for test class [priv.lee90.learn.service.RequestPongTimerSpec]
16:24:33.740 [main] DEBUG org.springframework.test.annotation.ProfileValueUtils - Retrieved ProfileValueSource type [class org.springframework.test.annotation.SystemProfileValueSource] for class [priv.lee90.learn.service.RequestPongTimerSpec]
16:24:33.740 [main] DEBUG org.springframework.test.annotation.ProfileValueUtils - Retrieved @ProfileValueSourceConfiguration [null] for test class [priv.lee90.learn.service.RequestPongTimerSpec]
16:24:33.740 [main] DEBUG org.springframework.test.annotation.ProfileValueUtils - Retrieved ProfileValueSource type [class org.springframework.test.annotation.SystemProfileValueSource] for class [priv.lee90.learn.service.RequestPongTimerSpec]
16:24:33.740 [main] DEBUG org.springframework.test.context.BootstrapUtils - Instantiating CacheAwareContextLoaderDelegate from class [org.springframework.test.context.cache.DefaultCacheAwareContextLoaderDelegate]
16:24:33.740 [main] DEBUG org.springframework.test.context.BootstrapUtils - Instantiating BootstrapContext using constructor [public org.springframework.test.context.support.DefaultBootstrapContext(java.lang.Class,org.springframework.test.context.CacheAwareContextLoaderDelegate)]
16:24:33.741 [main] DEBUG org.springframework.test.context.BootstrapUtils - Instantiating TestContextBootstrapper for test class [priv.lee90.learn.service.RequestPongTimerSpec] from class [org.springframework.boot.test.context.SpringBootTestContextBootstrapper]
16:24:33.741 [main] INFO org.springframework.boot.test.context.SpringBootTestContextBootstrapper - Neither @ContextConfiguration nor @ContextHierarchy found for test class [priv.lee90.learn.service.RequestPongTimerSpec], using SpringBootContextLoader
16:24:33.742 [main] DEBUG org.springframework.test.context.support.AbstractContextLoader - Did not detect default resource location for test class [priv.lee90.learn.service.RequestPongTimerSpec]: class path resource [priv/lee90/learn/service/RequestPongTimerSpec-context.xml] does not exist
16:24:33.742 [main] DEBUG org.springframework.test.context.support.AbstractContextLoader - Did not detect default resource location for test class [priv.lee90.learn.service.RequestPongTimerSpec]: class path resource [priv/lee90/learn/service/RequestPongTimerSpecContext.groovy] does not exist
16:24:33.742 [main] INFO org.springframework.test.context.support.AbstractContextLoader - Could not detect default resource locations for test class [priv.lee90.learn.service.RequestPongTimerSpec]: no resource found for suffixes {-context.xml, Context.groovy}.
16:24:33.742 [main] INFO org.springframework.test.context.support.AnnotationConfigContextLoaderUtils - Could not detect default configuration classes for test class [priv.lee90.learn.service.RequestPongTimerSpec]: RequestPongTimerSpec does not declare any static, non-private, non-final, nested classes annotated with @Configuration.
16:24:33.746 [main] DEBUG org.springframework.test.context.support.ActiveProfilesUtils - Could not find an 'annotation declaring class' for annotation type [org.springframework.test.context.ActiveProfiles] and class [priv.lee90.learn.service.RequestPongTimerSpec]
16:24:33.746 [main] INFO org.springframework.boot.test.context.SpringBootTestContextBootstrapper - Found @SpringBootConfiguration priv.lee90.learn.PingApplication for test class priv.lee90.learn.service.RequestPongTimerSpec
16:24:33.749 [main] DEBUG org.springframework.boot.test.context.SpringBootTestContextBootstrapper - @TestExecutionListeners is not present for class [priv.lee90.learn.service.RequestPongTimerSpec]: using defaults.
16:24:33.749 [main] INFO org.springframework.boot.test.context.SpringBootTestContextBootstrapper - Loaded default TestExecutionListener class names from location [META-INF/spring.factories]: [org.springframework.boot.test.mock.mockito.MockitoTestExecutionListener, org.springframework.boot.test.mock.mockito.ResetMocksTestExecutionListener, org.springframework.boot.test.autoconfigure.restdocs.RestDocsTestExecutionListener, org.springframework.boot.test.autoconfigure.web.client.MockRestServiceServerResetTestExecutionListener, org.springframework.boot.test.autoconfigure.web.servlet.MockMvcPrintOnlyOnFailureTestExecutionListener, org.springframework.boot.test.autoconfigure.web.servlet.WebDriverTestExecutionListener, org.springframework.boot.test.autoconfigure.webservices.client.MockWebServiceServerTestExecutionListener, org.springframework.test.context.web.ServletTestExecutionListener, org.springframework.test.context.support.DirtiesContextBeforeModesTestExecutionListener, org.springframework.test.context.event.ApplicationEventsTestExecutionListener, org.springframework.test.context.support.DependencyInjectionTestExecutionListener, org.springframework.test.context.support.DirtiesContextTestExecutionListener, org.springframework.test.context.transaction.TransactionalTestExecutionListener, org.springframework.test.context.jdbc.SqlScriptsTestExecutionListener, org.springframework.test.context.event.EventPublishingTestExecutionListener, org.spockframework.spring.SpringMockTestExecutionListener]
16:24:33.750 [main] DEBUG org.springframework.boot.test.context.SpringBootTestContextBootstrapper - Skipping candidate TestExecutionListener [org.springframework.test.context.web.ServletTestExecutionListener] due to a missing dependency. Specify custom listener classes or make the default listener classes and their required dependencies available. Offending class: [javax/servlet/ServletContext]
16:24:33.750 [main] DEBUG org.springframework.boot.test.context.SpringBootTestContextBootstrapper - Skipping candidate TestExecutionListener [org.springframework.test.context.transaction.TransactionalTestExecutionListener] due to a missing dependency. Specify custom listener classes or make the default listener classes and their required dependencies available. Offending class: [org/springframework/transaction/interceptor/TransactionAttributeSource]
16:24:33.751 [main] DEBUG org.springframework.boot.test.context.SpringBootTestContextBootstrapper - Skipping candidate TestExecutionListener [org.springframework.test.context.jdbc.SqlScriptsTestExecutionListener] due to a missing dependency. Specify custom listener classes or make the default listener classes and their required dependencies available. Offending class: [org/springframework/transaction/interceptor/TransactionAttribute]
16:24:33.751 [main] INFO org.springframework.boot.test.context.SpringBootTestContextBootstrapper - Using TestExecutionListeners: [org.springframework.test.context.support.DirtiesContextBeforeModesTestExecutionListener@72d0196d, org.springframework.test.context.event.ApplicationEventsTestExecutionListener@77cf329d, org.springframework.boot.test.mock.mockito.MockitoTestExecutionListener@4067634b, org.springframework.boot.test.autoconfigure.SpringBootDependencyInjectionTestExecutionListener@3b64f131, org.springframework.test.context.support.DirtiesContextTestExecutionListener@490d9c41, org.springframework.test.context.event.EventPublishingTestExecutionListener@47d81427, org.springframework.boot.test.mock.mockito.ResetMocksTestExecutionListener@3c5e4aac, org.springframework.boot.test.autoconfigure.restdocs.RestDocsTestExecutionListener@20afd96f, org.springframework.boot.test.autoconfigure.web.client.MockRestServiceServerResetTestExecutionListener@565a6af, org.springframework.boot.test.autoconfigure.web.servlet.MockMvcPrintOnlyOnFailureTestExecutionListener@21bf308, org.springframework.boot.test.autoconfigure.web.servlet.WebDriverTestExecutionListener@4cded2cd, org.springframework.boot.test.autoconfigure.webservices.client.MockWebServiceServerTestExecutionListener@12e40e98, org.spockframework.spring.SpringMockTestExecutionListener@3a9c92b5]
16:24:33.752 [main] DEBUG org.springframework.test.annotation.ProfileValueUtils - Retrieved @ProfileValueSourceConfiguration [null] for test class [priv.lee90.learn.service.RequestPongTimerTest]
16:24:33.752 [main] DEBUG org.springframework.test.annotation.ProfileValueUtils - Retrieved ProfileValueSource type [class org.springframework.test.annotation.SystemProfileValueSource] for class [priv.lee90.learn.service.RequestPongTimerTest]
16:24:33.752 [main] DEBUG org.springframework.test.annotation.ProfileValueUtils - Retrieved @ProfileValueSourceConfiguration [null] for test class [priv.lee90.learn.service.RequestPongTimerTest]
16:24:33.752 [main] DEBUG org.springframework.test.annotation.ProfileValueUtils - Retrieved ProfileValueSource type [class org.springframework.test.annotation.SystemProfileValueSource] for class [priv.lee90.learn.service.RequestPongTimerTest]
16:24:33.753 [main] DEBUG org.springframework.test.context.BootstrapUtils - Instantiating CacheAwareContextLoaderDelegate from class [org.springframework.test.context.cache.DefaultCacheAwareContextLoaderDelegate]
16:24:33.753 [main] DEBUG org.springframework.test.context.BootstrapUtils - Instantiating BootstrapContext using constructor [public org.springframework.test.context.support.DefaultBootstrapContext(java.lang.Class,org.springframework.test.context.CacheAwareContextLoaderDelegate)]
16:24:33.753 [main] DEBUG org.springframework.test.context.BootstrapUtils - Instantiating TestContextBootstrapper for test class [priv.lee90.learn.service.RequestPongTimerTest] from class [org.springframework.boot.test.context.SpringBootTestContextBootstrapper]
16:24:33.754 [main] INFO org.springframework.boot.test.context.SpringBootTestContextBootstrapper - Neither @ContextConfiguration nor @ContextHierarchy found for test class [priv.lee90.learn.service.RequestPongTimerTest], using SpringBootContextLoader
16:24:33.754 [main] DEBUG org.springframework.test.context.support.AbstractContextLoader - Did not detect default resource location for test class [priv.lee90.learn.service.RequestPongTimerTest]: class path resource [priv/lee90/learn/service/RequestPongTimerTest-context.xml] does not exist
16:24:33.754 [main] DEBUG org.springframework.test.context.support.AbstractContextLoader - Did not detect default resource location for test class [priv.lee90.learn.service.RequestPongTimerTest]: class path resource [priv/lee90/learn/service/RequestPongTimerTestContext.groovy] does not exist
16:24:33.754 [main] INFO org.springframework.test.context.support.AbstractContextLoader - Could not detect default resource locations for test class [priv.lee90.learn.service.RequestPongTimerTest]: no resource found for suffixes {-context.xml, Context.groovy}.
16:24:33.754 [main] INFO org.springframework.test.context.support.AnnotationConfigContextLoaderUtils - Could not detect default configuration classes for test class [priv.lee90.learn.service.RequestPongTimerTest]: RequestPongTimerTest does not declare any static, non-private, non-final, nested classes annotated with @Configuration.
16:24:33.759 [main] DEBUG org.springframework.test.context.support.ActiveProfilesUtils - Could not find an 'annotation declaring class' for annotation type [org.springframework.test.context.ActiveProfiles] and class [priv.lee90.learn.service.RequestPongTimerTest]
16:24:33.759 [main] INFO org.springframework.boot.test.context.SpringBootTestContextBootstrapper - Found @SpringBootConfiguration priv.lee90.learn.PingApplication for test class priv.lee90.learn.service.RequestPongTimerTest
16:24:33.762 [main] DEBUG org.springframework.boot.test.context.SpringBootTestContextBootstrapper - @TestExecutionListeners is not present for class [priv.lee90.learn.service.RequestPongTimerTest]: using defaults.
16:24:33.762 [main] INFO org.springframework.boot.test.context.SpringBootTestContextBootstrapper - Loaded default TestExecutionListener class names from location [META-INF/spring.factories]: [org.springframework.boot.test.mock.mockito.MockitoTestExecutionListener, org.springframework.boot.test.mock.mockito.ResetMocksTestExecutionListener, org.springframework.boot.test.autoconfigure.restdocs.RestDocsTestExecutionListener, org.springframework.boot.test.autoconfigure.web.client.MockRestServiceServerResetTestExecutionListener, org.springframework.boot.test.autoconfigure.web.servlet.MockMvcPrintOnlyOnFailureTestExecutionListener, org.springframework.boot.test.autoconfigure.web.servlet.WebDriverTestExecutionListener, org.springframework.boot.test.autoconfigure.webservices.client.MockWebServiceServerTestExecutionListener, org.springframework.test.context.web.ServletTestExecutionListener, org.springframework.test.context.support.DirtiesContextBeforeModesTestExecutionListener, org.springframework.test.context.event.ApplicationEventsTestExecutionListener, org.springframework.test.context.support.DependencyInjectionTestExecutionListener, org.springframework.test.context.support.DirtiesContextTestExecutionListener, org.springframework.test.context.transaction.TransactionalTestExecutionListener, org.springframework.test.context.jdbc.SqlScriptsTestExecutionListener, org.springframework.test.context.event.EventPublishingTestExecutionListener, org.spockframework.spring.SpringMockTestExecutionListener]
16:24:33.763 [main] DEBUG org.springframework.boot.test.context.SpringBootTestContextBootstrapper - Skipping candidate TestExecutionListener [org.springframework.test.context.web.ServletTestExecutionListener] due to a missing dependency. Specify custom listener classes or make the default listener classes and their required dependencies available. Offending class: [javax/servlet/ServletContext]
16:24:33.764 [main] DEBUG org.springframework.boot.test.context.SpringBootTestContextBootstrapper - Skipping candidate TestExecutionListener [org.springframework.test.context.transaction.TransactionalTestExecutionListener] due to a missing dependency. Specify custom listener classes or make the default listener classes and their required dependencies available. Offending class: [org/springframework/transaction/interceptor/TransactionAttributeSource]
16:24:33.764 [main] DEBUG org.springframework.boot.test.context.SpringBootTestContextBootstrapper - Skipping candidate TestExecutionListener [org.springframework.test.context.jdbc.SqlScriptsTestExecutionListener] due to a missing dependency. Specify custom listener classes or make the default listener classes and their required dependencies available. Offending class: [org/springframework/transaction/interceptor/TransactionAttribute]
16:24:33.765 [main] INFO org.springframework.boot.test.context.SpringBootTestContextBootstrapper - Using TestExecutionListeners: [org.springframework.test.context.support.DirtiesContextBeforeModesTestExecutionListener@67c2b55d, org.springframework.test.context.event.ApplicationEventsTestExecutionListener@5db04bd2, org.springframework.boot.test.mock.mockito.MockitoTestExecutionListener@6f921e32, org.springframework.boot.test.autoconfigure.SpringBootDependencyInjectionTestExecutionListener@31c5304f, org.springframework.test.context.support.DirtiesContextTestExecutionListener@43df1377, org.springframework.test.context.event.EventPublishingTestExecutionListener@1cee3e05, org.springframework.boot.test.mock.mockito.ResetMocksTestExecutionListener@63f2d024, org.springframework.boot.test.autoconfigure.restdocs.RestDocsTestExecutionListener@7b2dd35d, org.springframework.boot.test.autoconfigure.web.client.MockRestServiceServerResetTestExecutionListener@405223e4, org.springframework.boot.test.autoconfigure.web.servlet.MockMvcPrintOnlyOnFailureTestExecutionListener@2d2133fd, org.springframework.boot.test.autoconfigure.web.servlet.WebDriverTestExecutionListener@58a7a58d, org.springframework.boot.test.autoconfigure.webservices.client.MockWebServiceServerTestExecutionListener@4d8522ff, org.spockframework.spring.SpringMockTestExecutionListener@1c9975a8]
16:24:34.064 [main] DEBUG org.springframework.test.context.support.AbstractDirtiesContextTestExecutionListener - Before test class: context [DefaultTestContext@18ed8b75 testClass = RequestPongTimerSpec, testInstance = [null], testMethod = [null], testException = [null], mergedContextConfiguration = [ReactiveWebMergedContextConfiguration@22ea09b7 testClass = RequestPongTimerSpec, locations = '{}', classes = '{class priv.lee90.learn.PingApplication}', contextInitializerClasses = '[]', activeProfiles = '{}', propertySourceLocations = '{}', propertySourceProperties = '{org.springframework.boot.test.context.SpringBootTestContextBootstrapper=true}', contextCustomizers = set[org.springframework.boot.test.context.filter.ExcludeFilterContextCustomizer@34414ffc, org.springframework.boot.test.json.DuplicateJsonObjectContextCustomizerFactory$DuplicateJsonObjectContextCustomizer@e700eba, org.springframework.boot.test.mock.mockito.MockitoContextCustomizer@0, org.springframework.boot.test.web.client.TestRestTemplateContextCustomizer@7a1b8a46, org.springframework.boot.test.web.reactive.server.WebTestClientContextCustomizer@47b269c4, org.springframework.boot.test.autoconfigure.actuate.metrics.MetricsExportContextCustomizerFactory$DisableMetricExportContextCustomizer@1e1232cf, org.springframework.boot.test.autoconfigure.properties.PropertyMappingContextCustomizer@0, org.springframework.boot.test.autoconfigure.web.servlet.WebDriverContextCustomizerFactory$Customizer@38d80d65, org.spockframework.spring.mock.SpockContextCustomizer@0, org.springframework.boot.test.context.SpringBootTestArgs@1, org.springframework.boot.test.context.SpringBootTestWebEnvironment@4417af13], contextLoader = 'org.springframework.boot.test.context.SpringBootContextLoader', parent = [null]], attributes = map[[empty]]], class annotated with @DirtiesContext [false] with mode [null].
16:24:34.072 [main] DEBUG org.springframework.test.context.support.DependencyInjectionTestExecutionListener - Performing dependency injection for test context [[DefaultTestContext@18ed8b75 testClass = RequestPongTimerSpec, testInstance = priv.lee90.learn.service.RequestPongTimerSpec@2719139f, testMethod = [null], testException = [null], mergedContextConfiguration = [ReactiveWebMergedContextConfiguration@22ea09b7 testClass = RequestPongTimerSpec, locations = '{}', classes = '{class priv.lee90.learn.PingApplication}', contextInitializerClasses = '[]', activeProfiles = '{}', propertySourceLocations = '{}', propertySourceProperties = '{org.springframework.boot.test.context.SpringBootTestContextBootstrapper=true}', contextCustomizers = set[org.springframework.boot.test.context.filter.ExcludeFilterContextCustomizer@34414ffc, org.springframework.boot.test.json.DuplicateJsonObjectContextCustomizerFactory$DuplicateJsonObjectContextCustomizer@e700eba, org.springframework.boot.test.mock.mockito.MockitoContextCustomizer@0, org.springframework.boot.test.web.client.TestRestTemplateContextCustomizer@7a1b8a46, org.springframework.boot.test.web.reactive.server.WebTestClientContextCustomizer@47b269c4, org.springframework.boot.test.autoconfigure.actuate.metrics.MetricsExportContextCustomizerFactory$DisableMetricExportContextCustomizer@1e1232cf, org.springframework.boot.test.autoconfigure.properties.PropertyMappingContextCustomizer@0, org.springframework.boot.test.autoconfigure.web.servlet.WebDriverContextCustomizerFactory$Customizer@38d80d65, org.spockframework.spring.mock.SpockContextCustomizer@0, org.springframework.boot.test.context.SpringBootTestArgs@1, org.springframework.boot.test.context.SpringBootTestWebEnvironment@4417af13], contextLoader = 'org.springframework.boot.test.context.SpringBootContextLoader', parent = [null]], attributes = map['org.springframework.test.context.event.ApplicationEventsTestExecutionListener.recordApplicationEvents' -> false]]].

  .   ____          _            __ _ _
 /\\ / ___'_ __ _ _(_)_ __  __ _ \ \ \ \
( ( )\___ | '_ | '_| | '_ \/ _` | \ \ \ \
 \\/  ___)| |_)| | | | | || (_| |  ) ) ) )
  '  |____| .__|_| |_|_| |_\__, | / / / /
 =========|_|==============|___/=/_/_/_/
 :: Spring Boot ::               (v2.6.13)

2024-09-25 16:24:34.498  INFO 30528 --- [           main] p.l.learn.service.RequestPongTimerSpec   : Starting RequestPongTimerSpec using Java 1.8.0_181 on EthanLee with PID 30528 (started by 李志健 in D:\workspace\springboot\ping-pong-demo\ping-service)
2024-09-25 16:24:34.499  INFO 30528 --- [           main] p.l.learn.service.RequestPongTimerSpec   : No active profile set, falling back to 1 default profile: "default"
2024-09-25 16:24:36.065  INFO 30528 --- [           main] p.l.learn.service.RequestPongTimerSpec   : Started RequestPongTimerSpec in 1.96 seconds (JVM running for 3.782)
2024-09-25 16:24:39.373 ERROR 30528 --- [pool-2-thread-1] priv.lee90.learn.task.RequestPongTask    : Request error, The reason is : Connection refused: no further information: localhost/127.0.0.1:8082; nested exception is io.netty.channel.AbstractChannel$AnnotatedConnectException: Connection refused: no further information: localhost/127.0.0.1:8082
2024-09-25 16:24:39.373 ERROR 30528 --- [pool-2-thread-2] priv.lee90.learn.task.RequestPongTask    : Request error, The reason is : Connection refused: no further information: localhost/127.0.0.1:8082; nested exception is io.netty.channel.AbstractChannel$AnnotatedConnectException: Connection refused: no further information: localhost/127.0.0.1:8082
]]></system-out>
  </testcase>
</testsuite>