<?xml version="1.0" encoding="UTF-8"?>
<testsuite xmlns:xsi="http://www.w3.org/2001/XMLSchema-instance" xsi:noNamespaceSchemaLocation="https://maven.apache.org/surefire/maven-surefire-plugin/xsd/surefire-test-report.xsd" version="3.0.2" name="priv.lee90.learn.controller.HelloControllerTest" time="2.415" tests="1" errors="0" skipped="0" failures="0">
  <properties>
    <property name="sun.desktop" value="windows"/>
    <property name="awt.toolkit" value="sun.awt.windows.WToolkit"/>
    <property name="file.encoding.pkg" value="sun.io"/>
    <property name="java.specification.version" value="1.8"/>
    <property name="sun.cpu.isalist" value="amd64"/>
    <property name="sun.jnu.encoding" value="GBK"/>
    <property name="java.class.path" value="D:\workspace\springboot\ping-pong-demo\pong-service\target\test-classes;D:\workspace\springboot\ping-pong-demo\pong-service\target\classes;D:\repsitory\org\springframework\boot\spring-boot-starter-webflux\2.6.13\spring-boot-starter-webflux-2.6.13.jar;D:\repsitory\org\springframework\boot\spring-boot-starter\2.6.13\spring-boot-starter-2.6.13.jar;D:\repsitory\org\springframework\boot\spring-boot\2.6.13\spring-boot-2.6.13.jar;D:\repsitory\org\springframework\spring-context\5.3.23\spring-context-5.3.23.jar;D:\repsitory\org\springframework\spring-aop\5.3.23\spring-aop-5.3.23.jar;D:\repsitory\org\springframework\spring-expression\5.3.23\spring-expression-5.3.23.jar;D:\repsitory\org\springframework\boot\spring-boot-autoconfigure\2.6.13\spring-boot-autoconfigure-2.6.13.jar;D:\repsitory\org\springframework\boot\spring-boot-starter-logging\2.6.13\spring-boot-starter-logging-2.6.13.jar;D:\repsitory\ch\qos\logback\logback-classic\1.2.11\logback-classic-1.2.11.jar;D:\repsitory\ch\qos\logback\logback-core\1.2.11\logback-core-1.2.11.jar;D:\repsitory\org\apache\logging\log4j\log4j-to-slf4j\2.17.2\log4j-to-slf4j-2.17.2.jar;D:\repsitory\org\apache\logging\log4j\log4j-api\2.17.2\log4j-api-2.17.2.jar;D:\repsitory\org\slf4j\jul-to-slf4j\1.7.36\jul-to-slf4j-1.7.36.jar;D:\repsitory\jakarta\annotation\jakarta.annotation-api\1.3.5\jakarta.annotation-api-1.3.5.jar;D:\repsitory\org\yaml\snakeyaml\1.29\snakeyaml-1.29.jar;D:\repsitory\org\springframework\boot\spring-boot-starter-json\2.6.13\spring-boot-starter-json-2.6.13.jar;D:\repsitory\com\fasterxml\jackson\core\jackson-databind\2.13.4.2\jackson-databind-2.13.4.2.jar;D:\repsitory\com\fasterxml\jackson\core\jackson-annotations\2.13.4\jackson-annotations-2.13.4.jar;D:\repsitory\com\fasterxml\jackson\core\jackson-core\2.13.4\jackson-core-2.13.4.jar;D:\repsitory\com\fasterxml\jackson\datatype\jackson-datatype-jdk8\2.13.4\jackson-datatype-jdk8-2.13.4.jar;D:\repsitory\com\fasterxml\jackson\datatype\jackson-datatype-jsr310\2.13.4\jackson-datatype-jsr310-2.13.4.jar;D:\repsitory\com\fasterxml\jackson\module\jackson-module-parameter-names\2.13.4\jackson-module-parameter-names-2.13.4.jar;D:\repsitory\org\springframework\boot\spring-boot-starter-reactor-netty\2.6.13\spring-boot-starter-reactor-netty-2.6.13.jar;D:\repsitory\io\projectreactor\netty\reactor-netty-http\1.0.24\reactor-netty-http-1.0.24.jar;D:\repsitory\io\netty\netty-codec-http\4.1.84.Final\netty-codec-http-4.1.84.Final.jar;D:\repsitory\io\netty\netty-common\4.1.84.Final\netty-common-4.1.84.Final.jar;D:\repsitory\io\netty\netty-buffer\4.1.84.Final\netty-buffer-4.1.84.Final.jar;D:\repsitory\io\netty\netty-transport\4.1.84.Final\netty-transport-4.1.84.Final.jar;D:\repsitory\io\netty\netty-codec\4.1.84.Final\netty-codec-4.1.84.Final.jar;D:\repsitory\io\netty\netty-handler\4.1.84.Final\netty-handler-4.1.84.Final.jar;D:\repsitory\io\netty\netty-codec-http2\4.1.84.Final\netty-codec-http2-4.1.84.Final.jar;D:\repsitory\io\netty\netty-resolver-dns\4.1.84.Final\netty-resolver-dns-4.1.84.Final.jar;D:\repsitory\io\netty\netty-resolver\4.1.84.Final\netty-resolver-4.1.84.Final.jar;D:\repsitory\io\netty\netty-codec-dns\4.1.84.Final\netty-codec-dns-4.1.84.Final.jar;D:\repsitory\io\netty\netty-resolver-dns-native-macos\4.1.84.Final\netty-resolver-dns-native-macos-4.1.84.Final-osx-x86_64.jar;D:\repsitory\io\netty\netty-resolver-dns-classes-macos\4.1.84.Final\netty-resolver-dns-classes-macos-4.1.84.Final.jar;D:\repsitory\io\netty\netty-transport-native-epoll\4.1.84.Final\netty-transport-native-epoll-4.1.84.Final-linux-x86_64.jar;D:\repsitory\io\netty\netty-transport-native-unix-common\4.1.84.Final\netty-transport-native-unix-common-4.1.84.Final.jar;D:\repsitory\io\netty\netty-transport-classes-epoll\4.1.84.Final\netty-transport-classes-epoll-4.1.84.Final.jar;D:\repsitory\io\projectreactor\netty\reactor-netty-core\1.0.24\reactor-netty-core-1.0.24.jar;D:\repsitory\io\netty\netty-handler-proxy\4.1.84.Final\netty-handler-proxy-4.1.84.Final.jar;D:\repsitory\io\netty\netty-codec-socks\4.1.84.Final\netty-codec-socks-4.1.84.Final.jar;D:\repsitory\org\springframework\spring-web\5.3.23\spring-web-5.3.23.jar;D:\repsitory\org\springframework\spring-beans\5.3.23\spring-beans-5.3.23.jar;D:\repsitory\org\springframework\spring-webflux\5.3.23\spring-webflux-5.3.23.jar;D:\repsitory\org\springframework\boot\spring-boot-starter-test\2.6.13\spring-boot-starter-test-2.6.13.jar;D:\repsitory\org\springframework\boot\spring-boot-test\2.6.13\spring-boot-test-2.6.13.jar;D:\repsitory\org\springframework\boot\spring-boot-test-autoconfigure\2.6.13\spring-boot-test-autoconfigure-2.6.13.jar;D:\repsitory\com\jayway\jsonpath\json-path\2.6.0\json-path-2.6.0.jar;D:\repsitory\net\minidev\json-smart\2.4.8\json-smart-2.4.8.jar;D:\repsitory\net\minidev\accessors-smart\2.4.8\accessors-smart-2.4.8.jar;D:\repsitory\org\ow2\asm\asm\9.1\asm-9.1.jar;D:\repsitory\org\slf4j\slf4j-api\1.7.36\slf4j-api-1.7.36.jar;D:\repsitory\jakarta\xml\bind\jakarta.xml.bind-api\2.3.3\jakarta.xml.bind-api-2.3.3.jar;D:\repsitory\jakarta\activation\jakarta.activation-api\1.2.2\jakarta.activation-api-1.2.2.jar;D:\repsitory\org\assertj\assertj-core\3.21.0\assertj-core-3.21.0.jar;D:\repsitory\org\hamcrest\hamcrest\2.2\hamcrest-2.2.jar;D:\repsitory\org\mockito\mockito-core\4.0.0\mockito-core-4.0.0.jar;D:\repsitory\net\bytebuddy\byte-buddy\1.11.22\byte-buddy-1.11.22.jar;D:\repsitory\net\bytebuddy\byte-buddy-agent\1.11.22\byte-buddy-agent-1.11.22.jar;D:\repsitory\org\objenesis\objenesis\3.2\objenesis-3.2.jar;D:\repsitory\org\mockito\mockito-junit-jupiter\4.0.0\mockito-junit-jupiter-4.0.0.jar;D:\repsitory\org\junit\jupiter\junit-jupiter-api\5.8.2\junit-jupiter-api-5.8.2.jar;D:\repsitory\org\skyscreamer\jsonassert\1.5.1\jsonassert-1.5.1.jar;D:\repsitory\com\vaadin\external\google\android-json\0.0.20131108.vaadin1\android-json-0.0.20131108.vaadin1.jar;D:\repsitory\org\springframework\spring-core\5.3.23\spring-core-5.3.23.jar;D:\repsitory\org\springframework\spring-jcl\5.3.23\spring-jcl-5.3.23.jar;D:\repsitory\org\springframework\spring-test\5.3.23\spring-test-5.3.23.jar;D:\repsitory\org\xmlunit\xmlunit-core\2.8.4\xmlunit-core-2.8.4.jar;D:\repsitory\org\spockframework\spock-core\2.0-groovy-3.0\spock-core-2.0-groovy-3.0.jar;D:\repsitory\org\junit\platform\junit-platform-engine\1.8.2\junit-platform-engine-1.8.2.jar;D:\repsitory\org\opentest4j\opentest4j\1.2.0\opentest4j-1.2.0.jar;D:\repsitory\org\junit\platform\junit-platform-commons\1.8.2\junit-platform-commons-1.8.2.jar;D:\repsitory\org\apiguardian\apiguardian-api\1.1.2\apiguardian-api-1.1.2.jar;D:\repsitory\org\spockframework\spock-spring\2.0-groovy-3.0\spock-spring-2.0-groovy-3.0.jar;D:\repsitory\org\codehaus\groovy\groovy\3.0.9\groovy-3.0.9.jar;D:\repsitory\io\projectreactor\reactor-test\3.4.24\reactor-test-3.4.24.jar;D:\repsitory\io\projectreactor\reactor-core\3.4.24\reactor-core-3.4.24.jar;D:\repsitory\org\reactivestreams\reactive-streams\1.0.4\reactive-streams-1.0.4.jar;D:\repsitory\junit\junit\4.13.2\junit-4.13.2.jar;D:\repsitory\org\hamcrest\hamcrest-core\2.2\hamcrest-core-2.2.jar;"/>
    <property name="java.vm.vendor" value="Oracle Corporation"/>
    <property name="sun.arch.data.model" value="64"/>
    <property name="user.variant" value=""/>
    <property name="java.vendor.url" value="http://java.oracle.com/"/>
    <property name="user.timezone" value="Asia/Shanghai"/>
    <property name="java.vm.specification.version" value="1.8"/>
    <property name="os.name" value="Windows 10"/>
    <property name="user.country" value="CN"/>
    <property name="sun.java.launcher" value="SUN_STANDARD"/>
    <property name="sun.boot.library.path" value="C:\Java\jdk1.8.0_181\jre\bin"/>
    <property name="sun.java.command" value="C:\Users\李志健\AppData\Local\Temp\surefire6329746038399011046\surefirebooter-20240925162447140_8.jar C:\Users\李志健\AppData\Local\Temp\surefire6329746038399011046 2024-09-25T16-24-31_950-jvmRun1 surefire-20240925162447140_6tmp surefire_1-20240925162447140_7tmp"/>
    <property name="surefire.test.class.path" value="D:\workspace\springboot\ping-pong-demo\pong-service\target\test-classes;D:\workspace\springboot\ping-pong-demo\pong-service\target\classes;D:\repsitory\org\springframework\boot\spring-boot-starter-webflux\2.6.13\spring-boot-starter-webflux-2.6.13.jar;D:\repsitory\org\springframework\boot\spring-boot-starter\2.6.13\spring-boot-starter-2.6.13.jar;D:\repsitory\org\springframework\boot\spring-boot\2.6.13\spring-boot-2.6.13.jar;D:\repsitory\org\springframework\spring-context\5.3.23\spring-context-5.3.23.jar;D:\repsitory\org\springframework\spring-aop\5.3.23\spring-aop-5.3.23.jar;D:\repsitory\org\springframework\spring-expression\5.3.23\spring-expression-5.3.23.jar;D:\repsitory\org\springframework\boot\spring-boot-autoconfigure\2.6.13\spring-boot-autoconfigure-2.6.13.jar;D:\repsitory\org\springframework\boot\spring-boot-starter-logging\2.6.13\spring-boot-starter-logging-2.6.13.jar;D:\repsitory\ch\qos\logback\logback-classic\1.2.11\logback-classic-1.2.11.jar;D:\repsitory\ch\qos\logback\logback-core\1.2.11\logback-core-1.2.11.jar;D:\repsitory\org\apache\logging\log4j\log4j-to-slf4j\2.17.2\log4j-to-slf4j-2.17.2.jar;D:\repsitory\org\apache\logging\log4j\log4j-api\2.17.2\log4j-api-2.17.2.jar;D:\repsitory\org\slf4j\jul-to-slf4j\1.7.36\jul-to-slf4j-1.7.36.jar;D:\repsitory\jakarta\annotation\jakarta.annotation-api\1.3.5\jakarta.annotation-api-1.3.5.jar;D:\repsitory\org\yaml\snakeyaml\1.29\snakeyaml-1.29.jar;D:\repsitory\org\springframework\boot\spring-boot-starter-json\2.6.13\spring-boot-starter-json-2.6.13.jar;D:\repsitory\com\fasterxml\jackson\core\jackson-databind\2.13.4.2\jackson-databind-2.13.4.2.jar;D:\repsitory\com\fasterxml\jackson\core\jackson-annotations\2.13.4\jackson-annotations-2.13.4.jar;D:\repsitory\com\fasterxml\jackson\core\jackson-core\2.13.4\jackson-core-2.13.4.jar;D:\repsitory\com\fasterxml\jackson\datatype\jackson-datatype-jdk8\2.13.4\jackson-datatype-jdk8-2.13.4.jar;D:\repsitory\com\fasterxml\jackson\datatype\jackson-datatype-jsr310\2.13.4\jackson-datatype-jsr310-2.13.4.jar;D:\repsitory\com\fasterxml\jackson\module\jackson-module-parameter-names\2.13.4\jackson-module-parameter-names-2.13.4.jar;D:\repsitory\org\springframework\boot\spring-boot-starter-reactor-netty\2.6.13\spring-boot-starter-reactor-netty-2.6.13.jar;D:\repsitory\io\projectreactor\netty\reactor-netty-http\1.0.24\reactor-netty-http-1.0.24.jar;D:\repsitory\io\netty\netty-codec-http\4.1.84.Final\netty-codec-http-4.1.84.Final.jar;D:\repsitory\io\netty\netty-common\4.1.84.Final\netty-common-4.1.84.Final.jar;D:\repsitory\io\netty\netty-buffer\4.1.84.Final\netty-buffer-4.1.84.Final.jar;D:\repsitory\io\netty\netty-transport\4.1.84.Final\netty-transport-4.1.84.Final.jar;D:\repsitory\io\netty\netty-codec\4.1.84.Final\netty-codec-4.1.84.Final.jar;D:\repsitory\io\netty\netty-handler\4.1.84.Final\netty-handler-4.1.84.Final.jar;D:\repsitory\io\netty\netty-codec-http2\4.1.84.Final\netty-codec-http2-4.1.84.Final.jar;D:\repsitory\io\netty\netty-resolver-dns\4.1.84.Final\netty-resolver-dns-4.1.84.Final.jar;D:\repsitory\io\netty\netty-resolver\4.1.84.Final\netty-resolver-4.1.84.Final.jar;D:\repsitory\io\netty\netty-codec-dns\4.1.84.Final\netty-codec-dns-4.1.84.Final.jar;D:\repsitory\io\netty\netty-resolver-dns-native-macos\4.1.84.Final\netty-resolver-dns-native-macos-4.1.84.Final-osx-x86_64.jar;D:\repsitory\io\netty\netty-resolver-dns-classes-macos\4.1.84.Final\netty-resolver-dns-classes-macos-4.1.84.Final.jar;D:\repsitory\io\netty\netty-transport-native-epoll\4.1.84.Final\netty-transport-native-epoll-4.1.84.Final-linux-x86_64.jar;D:\repsitory\io\netty\netty-transport-native-unix-common\4.1.84.Final\netty-transport-native-unix-common-4.1.84.Final.jar;D:\repsitory\io\netty\netty-transport-classes-epoll\4.1.84.Final\netty-transport-classes-epoll-4.1.84.Final.jar;D:\repsitory\io\projectreactor\netty\reactor-netty-core\1.0.24\reactor-netty-core-1.0.24.jar;D:\repsitory\io\netty\netty-handler-proxy\4.1.84.Final\netty-handler-proxy-4.1.84.Final.jar;D:\repsitory\io\netty\netty-codec-socks\4.1.84.Final\netty-codec-socks-4.1.84.Final.jar;D:\repsitory\org\springframework\spring-web\5.3.23\spring-web-5.3.23.jar;D:\repsitory\org\springframework\spring-beans\5.3.23\spring-beans-5.3.23.jar;D:\repsitory\org\springframework\spring-webflux\5.3.23\spring-webflux-5.3.23.jar;D:\repsitory\org\springframework\boot\spring-boot-starter-test\2.6.13\spring-boot-starter-test-2.6.13.jar;D:\repsitory\org\springframework\boot\spring-boot-test\2.6.13\spring-boot-test-2.6.13.jar;D:\repsitory\org\springframework\boot\spring-boot-test-autoconfigure\2.6.13\spring-boot-test-autoconfigure-2.6.13.jar;D:\repsitory\com\jayway\jsonpath\json-path\2.6.0\json-path-2.6.0.jar;D:\repsitory\net\minidev\json-smart\2.4.8\json-smart-2.4.8.jar;D:\repsitory\net\minidev\accessors-smart\2.4.8\accessors-smart-2.4.8.jar;D:\repsitory\org\ow2\asm\asm\9.1\asm-9.1.jar;D:\repsitory\org\slf4j\slf4j-api\1.7.36\slf4j-api-1.7.36.jar;D:\repsitory\jakarta\xml\bind\jakarta.xml.bind-api\2.3.3\jakarta.xml.bind-api-2.3.3.jar;D:\repsitory\jakarta\activation\jakarta.activation-api\1.2.2\jakarta.activation-api-1.2.2.jar;D:\repsitory\org\assertj\assertj-core\3.21.0\assertj-core-3.21.0.jar;D:\repsitory\org\hamcrest\hamcrest\2.2\hamcrest-2.2.jar;D:\repsitory\org\mockito\mockito-core\4.0.0\mockito-core-4.0.0.jar;D:\repsitory\net\bytebuddy\byte-buddy\1.11.22\byte-buddy-1.11.22.jar;D:\repsitory\net\bytebuddy\byte-buddy-agent\1.11.22\byte-buddy-agent-1.11.22.jar;D:\repsitory\org\objenesis\objenesis\3.2\objenesis-3.2.jar;D:\repsitory\org\mockito\mockito-junit-jupiter\4.0.0\mockito-junit-jupiter-4.0.0.jar;D:\repsitory\org\junit\jupiter\junit-jupiter-api\5.8.2\junit-jupiter-api-5.8.2.jar;D:\repsitory\org\skyscreamer\jsonassert\1.5.1\jsonassert-1.5.1.jar;D:\repsitory\com\vaadin\external\google\android-json\0.0.20131108.vaadin1\android-json-0.0.20131108.vaadin1.jar;D:\repsitory\org\springframework\spring-core\5.3.23\spring-core-5.3.23.jar;D:\repsitory\org\springframework\spring-jcl\5.3.23\spring-jcl-5.3.23.jar;D:\repsitory\org\springframework\spring-test\5.3.23\spring-test-5.3.23.jar;D:\repsitory\org\xmlunit\xmlunit-core\2.8.4\xmlunit-core-2.8.4.jar;D:\repsitory\org\spockframework\spock-core\2.0-groovy-3.0\spock-core-2.0-groovy-3.0.jar;D:\repsitory\org\junit\platform\junit-platform-engine\1.8.2\junit-platform-engine-1.8.2.jar;D:\repsitory\org\opentest4j\opentest4j\1.2.0\opentest4j-1.2.0.jar;D:\repsitory\org\junit\platform\junit-platform-commons\1.8.2\junit-platform-commons-1.8.2.jar;D:\repsitory\org\apiguardian\apiguardian-api\1.1.2\apiguardian-api-1.1.2.jar;D:\repsitory\org\spockframework\spock-spring\2.0-groovy-3.0\spock-spring-2.0-groovy-3.0.jar;D:\repsitory\org\codehaus\groovy\groovy\3.0.9\groovy-3.0.9.jar;D:\repsitory\io\projectreactor\reactor-test\3.4.24\reactor-test-3.4.24.jar;D:\repsitory\io\projectreactor\reactor-core\3.4.24\reactor-core-3.4.24.jar;D:\repsitory\org\reactivestreams\reactive-streams\1.0.4\reactive-streams-1.0.4.jar;D:\repsitory\junit\junit\4.13.2\junit-4.13.2.jar;D:\repsitory\org\hamcrest\hamcrest-core\2.2\hamcrest-core-2.2.jar;"/>
    <property name="sun.cpu.endian" value="little"/>
    <property name="user.home" value="C:\Users\李志健"/>
    <property name="user.language" value="zh"/>
    <property name="java.specification.vendor" value="Oracle Corporation"/>
    <property name="java.home" value="C:\Java\jdk1.8.0_181\jre"/>
    <property name="basedir" value="D:\workspace\springboot\ping-pong-demo\pong-service"/>
    <property name="file.separator" value="\"/>
    <property name="line.separator" value="&#10;"/>
    <property name="java.vm.specification.vendor" value="Oracle Corporation"/>
    <property name="java.specification.name" value="Java Platform API Specification"/>
    <property name="FILE_LOG_CHARSET" value="GBK"/>
    <property name="java.awt.graphicsenv" value="sun.awt.Win32GraphicsEnvironment"/>
    <property name="java.awt.headless" value="true"/>
    <property name="surefire.real.class.path" value="C:\Users\李志健\AppData\Local\Temp\surefire6329746038399011046\surefirebooter-20240925162447140_8.jar;D:\\repsitory\\org\\jacoco\\org.jacoco.agent\\0.8.12\\org.jacoco.agent-0.8.12-runtime.jar"/>
    <property name="sun.boot.class.path" value="C:\Java\jdk1.8.0_181\jre\lib\resources.jar;C:\Java\jdk1.8.0_181\jre\lib\rt.jar;C:\Java\jdk1.8.0_181\jre\lib\sunrsasign.jar;C:\Java\jdk1.8.0_181\jre\lib\jsse.jar;C:\Java\jdk1.8.0_181\jre\lib\jce.jar;C:\Java\jdk1.8.0_181\jre\lib\charsets.jar;C:\Java\jdk1.8.0_181\jre\lib\jfr.jar;C:\Java\jdk1.8.0_181\jre\classes"/>
    <property name="user.script" value=""/>
    <property name="sun.management.compiler" value="HotSpot 64-Bit Tiered Compilers"/>
    <property name="java.runtime.version" value="1.8.0_181-b13"/>
    <property name="user.name" value="李志健"/>
    <property name="path.separator" value=";"/>
    <property name="os.version" value="10.0"/>
    <property name="java.endorsed.dirs" value="C:\Java\jdk1.8.0_181\jre\lib\endorsed"/>
    <property name="java.runtime.name" value="Java(TM) SE Runtime Environment"/>
    <property name="file.encoding" value="GBK"/>
    <property name="spring.beaninfo.ignore" value="true"/>
    <property name="java.vm.name" value="Java HotSpot(TM) 64-Bit Server VM"/>
    <property name="localRepository" value="D:\repsitory"/>
    <property name="java.vendor.url.bug" value="http://bugreport.sun.com/bugreport/"/>
    <property name="java.io.tmpdir" value="C:\Users\李志健\AppData\Local\Temp\"/>
    <property name="java.version" value="1.8.0_181"/>
    <property name="user.dir" value="D:\workspace\springboot\ping-pong-demo\pong-service"/>
    <property name="os.arch" value="amd64"/>
    <property name="java.vm.specification.name" value="Java Virtual Machine Specification"/>
    <property name="PID" value="31320"/>
    <property name="java.awt.printerjob" value="sun.awt.windows.WPrinterJob"/>
    <property name="sun.os.patch.level" value=""/>
    <property name="CONSOLE_LOG_CHARSET" value="GBK"/>
    <property name="java.library.path" value="C:\Java\jdk1.8.0_181\jre\bin;C:\WINDOWS\Sun\Java\bin;C:\WINDOWS\system32;C:\WINDOWS;D:\Program Files (x86)\ShadowBot;D:\Program Files\python\Scripts\;D:\Program Files\python\;C:\Program Files (x86)\Common Files\Oracle\Java\java8path;C:\Program Files (x86)\Common Files\Oracle\Java\javapath;C:\Windows\System32\HWAudioDriverLibs;C:\Windows\system32;C:\Windows;C:\Windows\System32\Wbem;C:\Windows\System32\WindowsPowerShell\v1.0\;C:\Windows\System32\OpenSSH\;C:\Users\Administrator\AppData\Local\Microsoft\WindowsApps;C:\Java\jdk1.8.0_181\bin;C:\Java\jdk1.8.0_181\jre\bin;C:\Program Files\Docker\Docker\resources\bin;C:\ProgramData\DockerDesktop\version-bin;D:\Program Files\Git\cmd;C:\WINDOWS\system32;C:\WINDOWS;C:\WINDOWS\System32\Wbem;C:\WINDOWS\System32\WindowsPowerShell\v1.0\;C:\WINDOWS\System32\OpenSSH\;C:\Program Files\nodejs\;D:\nodejs\node_global;C:\apache-maven-3.6.3\bin;D:\Program Files (x86)\ShadowBot;C:\Users\李志健\AppData\Local\Microsoft\WindowsApps;D:\Program Files\JetBrains\IntelliJ IDEA Community Edition 2022.1.3\bin;C:\Users\李志健\AppData\Local\Microsoft\WindowsApps;C:\Users\李志健\AppData\Local\GitHubDesktop\bin;D:\Program Files\Microsoft VS Code\bin;C:\Users\李志健\AppData\Roaming\npm;."/>
    <property name="java.vm.info" value="mixed mode"/>
    <property name="java.vendor" value="Oracle Corporation"/>
    <property name="java.vm.version" value="25.181-b13"/>
    <property name="java.ext.dirs" value="C:\Java\jdk1.8.0_181\jre\lib\ext;C:\WINDOWS\Sun\Java\lib\ext"/>
    <property name="sun.io.unicode.encoding" value="UnicodeLittle"/>
    <property name="java.class.version" value="52.0"/>
  </properties>
  <testcase name="hello endpoint returns &apos;World&apos; with status 200" classname="priv.lee90.learn.controller.HelloControllerTest" time="0.561">
    <system-out><![CDATA[16:24:48.299 [main] DEBUG org.springframework.test.annotation.ProfileValueUtils - Retrieved @ProfileValueSourceConfiguration [null] for test class [priv.lee90.learn.controller.HelloControllerTest]
16:24:48.304 [main] DEBUG org.springframework.test.annotation.ProfileValueUtils - Retrieved ProfileValueSource type [class org.springframework.test.annotation.SystemProfileValueSource] for class [priv.lee90.learn.controller.HelloControllerTest]
16:24:48.306 [main] DEBUG org.springframework.test.annotation.ProfileValueUtils - Retrieved @ProfileValueSourceConfiguration [null] for test class [priv.lee90.learn.controller.HelloControllerTest]
16:24:48.306 [main] DEBUG org.springframework.test.annotation.ProfileValueUtils - Retrieved ProfileValueSource type [class org.springframework.test.annotation.SystemProfileValueSource] for class [priv.lee90.learn.controller.HelloControllerTest]
16:24:48.316 [main] DEBUG org.springframework.test.context.BootstrapUtils - Instantiating CacheAwareContextLoaderDelegate from class [org.springframework.test.context.cache.DefaultCacheAwareContextLoaderDelegate]
16:24:48.330 [main] DEBUG org.springframework.test.context.BootstrapUtils - Instantiating BootstrapContext using constructor [public org.springframework.test.context.support.DefaultBootstrapContext(java.lang.Class,org.springframework.test.context.CacheAwareContextLoaderDelegate)]
16:24:48.345 [main] DEBUG org.springframework.test.context.BootstrapUtils - Instantiating TestContextBootstrapper for test class [priv.lee90.learn.controller.HelloControllerTest] from class [org.springframework.boot.test.autoconfigure.web.reactive.WebFluxTestContextBootstrapper]
16:24:48.366 [main] INFO org.springframework.boot.test.autoconfigure.web.reactive.WebFluxTestContextBootstrapper - Neither @ContextConfiguration nor @ContextHierarchy found for test class [priv.lee90.learn.controller.HelloControllerTest], using SpringBootContextLoader
16:24:48.372 [main] DEBUG org.springframework.test.context.support.AbstractContextLoader - Did not detect default resource location for test class [priv.lee90.learn.controller.HelloControllerTest]: class path resource [priv/lee90/learn/controller/HelloControllerTest-context.xml] does not exist
16:24:48.372 [main] DEBUG org.springframework.test.context.support.AbstractContextLoader - Did not detect default resource location for test class [priv.lee90.learn.controller.HelloControllerTest]: class path resource [priv/lee90/learn/controller/HelloControllerTestContext.groovy] does not exist
16:24:48.373 [main] INFO org.springframework.test.context.support.AbstractContextLoader - Could not detect default resource locations for test class [priv.lee90.learn.controller.HelloControllerTest]: no resource found for suffixes {-context.xml, Context.groovy}.
16:24:48.374 [main] INFO org.springframework.test.context.support.AnnotationConfigContextLoaderUtils - Could not detect default configuration classes for test class [priv.lee90.learn.controller.HelloControllerTest]: HelloControllerTest does not declare any static, non-private, non-final, nested classes annotated with @Configuration.
16:24:48.479 [main] DEBUG org.springframework.test.context.support.ActiveProfilesUtils - Could not find an 'annotation declaring class' for annotation type [org.springframework.test.context.ActiveProfiles] and class [priv.lee90.learn.controller.HelloControllerTest]
16:24:48.564 [main] DEBUG org.springframework.context.annotation.ClassPathScanningCandidateComponentProvider - Identified candidate component class: file [D:\workspace\springboot\ping-pong-demo\pong-service\target\classes\priv\lee90\learn\PongApplication.class]
16:24:48.566 [main] INFO org.springframework.boot.test.context.SpringBootTestContextBootstrapper - Found @SpringBootConfiguration priv.lee90.learn.PongApplication for test class priv.lee90.learn.controller.HelloControllerTest
16:24:48.572 [main] DEBUG org.springframework.boot.test.autoconfigure.web.reactive.WebFluxTestContextBootstrapper - @TestExecutionListeners is not present for class [priv.lee90.learn.controller.HelloControllerTest]: using defaults.
16:24:48.572 [main] INFO org.springframework.boot.test.autoconfigure.web.reactive.WebFluxTestContextBootstrapper - Loaded default TestExecutionListener class names from location [META-INF/spring.factories]: [org.springframework.boot.test.mock.mockito.MockitoTestExecutionListener, org.springframework.boot.test.mock.mockito.ResetMocksTestExecutionListener, org.springframework.boot.test.autoconfigure.restdocs.RestDocsTestExecutionListener, org.springframework.boot.test.autoconfigure.web.client.MockRestServiceServerResetTestExecutionListener, org.springframework.boot.test.autoconfigure.web.servlet.MockMvcPrintOnlyOnFailureTestExecutionListener, org.springframework.boot.test.autoconfigure.web.servlet.WebDriverTestExecutionListener, org.springframework.boot.test.autoconfigure.webservices.client.MockWebServiceServerTestExecutionListener, org.springframework.test.context.web.ServletTestExecutionListener, org.springframework.test.context.support.DirtiesContextBeforeModesTestExecutionListener, org.springframework.test.context.event.ApplicationEventsTestExecutionListener, org.springframework.test.context.support.DependencyInjectionTestExecutionListener, org.springframework.test.context.support.DirtiesContextTestExecutionListener, org.springframework.test.context.transaction.TransactionalTestExecutionListener, org.springframework.test.context.jdbc.SqlScriptsTestExecutionListener, org.springframework.test.context.event.EventPublishingTestExecutionListener, org.spockframework.spring.SpringMockTestExecutionListener]
16:24:48.588 [main] DEBUG org.springframework.boot.test.autoconfigure.web.reactive.WebFluxTestContextBootstrapper - Skipping candidate TestExecutionListener [org.springframework.test.context.web.ServletTestExecutionListener] due to a missing dependency. Specify custom listener classes or make the default listener classes and their required dependencies available. Offending class: [javax/servlet/ServletContext]
16:24:48.590 [main] DEBUG org.springframework.boot.test.autoconfigure.web.reactive.WebFluxTestContextBootstrapper - Skipping candidate TestExecutionListener [org.springframework.test.context.transaction.TransactionalTestExecutionListener] due to a missing dependency. Specify custom listener classes or make the default listener classes and their required dependencies available. Offending class: [org/springframework/transaction/interceptor/TransactionAttributeSource]
16:24:48.591 [main] DEBUG org.springframework.boot.test.autoconfigure.web.reactive.WebFluxTestContextBootstrapper - Skipping candidate TestExecutionListener [org.springframework.test.context.jdbc.SqlScriptsTestExecutionListener] due to a missing dependency. Specify custom listener classes or make the default listener classes and their required dependencies available. Offending class: [org/springframework/transaction/interceptor/TransactionAttribute]
16:24:48.592 [main] INFO org.springframework.boot.test.autoconfigure.web.reactive.WebFluxTestContextBootstrapper - Using TestExecutionListeners: [org.springframework.test.context.support.DirtiesContextBeforeModesTestExecutionListener@48632f69, org.springframework.test.context.event.ApplicationEventsTestExecutionListener@5fde1d64, org.springframework.boot.test.mock.mockito.MockitoTestExecutionListener@5350ab17, org.springframework.boot.test.autoconfigure.SpringBootDependencyInjectionTestExecutionListener@984de01, org.springframework.test.context.support.DirtiesContextTestExecutionListener@58cda03f, org.springframework.test.context.event.EventPublishingTestExecutionListener@7757a37f, org.springframework.boot.test.mock.mockito.ResetMocksTestExecutionListener@2109a691, org.springframework.boot.test.autoconfigure.restdocs.RestDocsTestExecutionListener@e521067, org.springframework.boot.test.autoconfigure.web.client.MockRestServiceServerResetTestExecutionListener@3bab95ca, org.springframework.boot.test.autoconfigure.web.servlet.MockMvcPrintOnlyOnFailureTestExecutionListener@71ad959b, org.springframework.boot.test.autoconfigure.web.servlet.WebDriverTestExecutionListener@1d7c9811, org.springframework.boot.test.autoconfigure.webservices.client.MockWebServiceServerTestExecutionListener@3b362f1, org.spockframework.spring.SpringMockTestExecutionListener@6451a288]
16:24:48.672 [main] DEBUG org.springframework.test.annotation.ProfileValueUtils - Retrieved @ProfileValueSourceConfiguration [null] for test class [priv.lee90.learn.controller.HelloControllerTest]
16:24:48.672 [main] DEBUG org.springframework.test.annotation.ProfileValueUtils - Retrieved ProfileValueSource type [class org.springframework.test.annotation.SystemProfileValueSource] for class [priv.lee90.learn.controller.HelloControllerTest]
16:24:48.672 [main] DEBUG org.springframework.test.annotation.ProfileValueUtils - Retrieved @ProfileValueSourceConfiguration [null] for test class [priv.lee90.learn.controller.HelloControllerTest]
16:24:48.673 [main] DEBUG org.springframework.test.annotation.ProfileValueUtils - Retrieved ProfileValueSource type [class org.springframework.test.annotation.SystemProfileValueSource] for class [priv.lee90.learn.controller.HelloControllerTest]
16:24:48.673 [main] DEBUG org.springframework.test.context.BootstrapUtils - Instantiating CacheAwareContextLoaderDelegate from class [org.springframework.test.context.cache.DefaultCacheAwareContextLoaderDelegate]
16:24:48.673 [main] DEBUG org.springframework.test.context.BootstrapUtils - Instantiating BootstrapContext using constructor [public org.springframework.test.context.support.DefaultBootstrapContext(java.lang.Class,org.springframework.test.context.CacheAwareContextLoaderDelegate)]
16:24:48.674 [main] DEBUG org.springframework.test.context.BootstrapUtils - Instantiating TestContextBootstrapper for test class [priv.lee90.learn.controller.HelloControllerTest] from class [org.springframework.boot.test.autoconfigure.web.reactive.WebFluxTestContextBootstrapper]
16:24:48.674 [main] INFO org.springframework.boot.test.autoconfigure.web.reactive.WebFluxTestContextBootstrapper - Neither @ContextConfiguration nor @ContextHierarchy found for test class [priv.lee90.learn.controller.HelloControllerTest], using SpringBootContextLoader
16:24:48.674 [main] DEBUG org.springframework.test.context.support.AbstractContextLoader - Did not detect default resource location for test class [priv.lee90.learn.controller.HelloControllerTest]: class path resource [priv/lee90/learn/controller/HelloControllerTest-context.xml] does not exist
16:24:48.674 [main] DEBUG org.springframework.test.context.support.AbstractContextLoader - Did not detect default resource location for test class [priv.lee90.learn.controller.HelloControllerTest]: class path resource [priv/lee90/learn/controller/HelloControllerTestContext.groovy] does not exist
16:24:48.675 [main] INFO org.springframework.test.context.support.AbstractContextLoader - Could not detect default resource locations for test class [priv.lee90.learn.controller.HelloControllerTest]: no resource found for suffixes {-context.xml, Context.groovy}.
16:24:48.675 [main] INFO org.springframework.test.context.support.AnnotationConfigContextLoaderUtils - Could not detect default configuration classes for test class [priv.lee90.learn.controller.HelloControllerTest]: HelloControllerTest does not declare any static, non-private, non-final, nested classes annotated with @Configuration.
16:24:48.681 [main] DEBUG org.springframework.test.context.support.ActiveProfilesUtils - Could not find an 'annotation declaring class' for annotation type [org.springframework.test.context.ActiveProfiles] and class [priv.lee90.learn.controller.HelloControllerTest]
16:24:48.682 [main] INFO org.springframework.boot.test.context.SpringBootTestContextBootstrapper - Found @SpringBootConfiguration priv.lee90.learn.PongApplication for test class priv.lee90.learn.controller.HelloControllerTest
16:24:48.683 [main] DEBUG org.springframework.boot.test.autoconfigure.web.reactive.WebFluxTestContextBootstrapper - @TestExecutionListeners is not present for class [priv.lee90.learn.controller.HelloControllerTest]: using defaults.
16:24:48.684 [main] INFO org.springframework.boot.test.autoconfigure.web.reactive.WebFluxTestContextBootstrapper - Loaded default TestExecutionListener class names from location [META-INF/spring.factories]: [org.springframework.boot.test.mock.mockito.MockitoTestExecutionListener, org.springframework.boot.test.mock.mockito.ResetMocksTestExecutionListener, org.springframework.boot.test.autoconfigure.restdocs.RestDocsTestExecutionListener, org.springframework.boot.test.autoconfigure.web.client.MockRestServiceServerResetTestExecutionListener, org.springframework.boot.test.autoconfigure.web.servlet.MockMvcPrintOnlyOnFailureTestExecutionListener, org.springframework.boot.test.autoconfigure.web.servlet.WebDriverTestExecutionListener, org.springframework.boot.test.autoconfigure.webservices.client.MockWebServiceServerTestExecutionListener, org.springframework.test.context.web.ServletTestExecutionListener, org.springframework.test.context.support.DirtiesContextBeforeModesTestExecutionListener, org.springframework.test.context.event.ApplicationEventsTestExecutionListener, org.springframework.test.context.support.DependencyInjectionTestExecutionListener, org.springframework.test.context.support.DirtiesContextTestExecutionListener, org.springframework.test.context.transaction.TransactionalTestExecutionListener, org.springframework.test.context.jdbc.SqlScriptsTestExecutionListener, org.springframework.test.context.event.EventPublishingTestExecutionListener, org.spockframework.spring.SpringMockTestExecutionListener]
16:24:48.684 [main] DEBUG org.springframework.boot.test.autoconfigure.web.reactive.WebFluxTestContextBootstrapper - Skipping candidate TestExecutionListener [org.springframework.test.context.web.ServletTestExecutionListener] due to a missing dependency. Specify custom listener classes or make the default listener classes and their required dependencies available. Offending class: [javax/servlet/ServletContext]
16:24:48.685 [main] DEBUG org.springframework.boot.test.autoconfigure.web.reactive.WebFluxTestContextBootstrapper - Skipping candidate TestExecutionListener [org.springframework.test.context.transaction.TransactionalTestExecutionListener] due to a missing dependency. Specify custom listener classes or make the default listener classes and their required dependencies available. Offending class: [org/springframework/transaction/interceptor/TransactionAttributeSource]
16:24:48.685 [main] DEBUG org.springframework.boot.test.autoconfigure.web.reactive.WebFluxTestContextBootstrapper - Skipping candidate TestExecutionListener [org.springframework.test.context.jdbc.SqlScriptsTestExecutionListener] due to a missing dependency. Specify custom listener classes or make the default listener classes and their required dependencies available. Offending class: [org/springframework/transaction/interceptor/TransactionAttribute]
16:24:48.685 [main] INFO org.springframework.boot.test.autoconfigure.web.reactive.WebFluxTestContextBootstrapper - Using TestExecutionListeners: [org.springframework.test.context.support.DirtiesContextBeforeModesTestExecutionListener@5b0e9e0c, org.springframework.test.context.event.ApplicationEventsTestExecutionListener@54234569, org.springframework.boot.test.mock.mockito.MockitoTestExecutionListener@21ea1d9d, org.springframework.boot.test.autoconfigure.SpringBootDependencyInjectionTestExecutionListener@19f497aa, org.springframework.test.context.support.DirtiesContextTestExecutionListener@36a58466, org.springframework.test.context.event.EventPublishingTestExecutionListener@78e387d6, org.springframework.boot.test.mock.mockito.ResetMocksTestExecutionListener@9147ba2, org.springframework.boot.test.autoconfigure.restdocs.RestDocsTestExecutionListener@3460e4ed, org.springframework.boot.test.autoconfigure.web.client.MockRestServiceServerResetTestExecutionListener@2efcc0b3, org.springframework.boot.test.autoconfigure.web.servlet.MockMvcPrintOnlyOnFailureTestExecutionListener@4a453f8d, org.springframework.boot.test.autoconfigure.web.servlet.WebDriverTestExecutionListener@60a6840c, org.springframework.boot.test.autoconfigure.webservices.client.MockWebServiceServerTestExecutionListener@53525379, org.spockframework.spring.SpringMockTestExecutionListener@1be3f8f8]
16:24:48.960 [main] DEBUG org.springframework.test.context.support.AbstractDirtiesContextTestExecutionListener - Before test class: context [DefaultTestContext@20cf3ab3 testClass = HelloControllerTest, testInstance = [null], testMethod = [null], testException = [null], mergedContextConfiguration = [ReactiveWebMergedContextConfiguration@1acfc058 testClass = HelloControllerTest, locations = '{}', classes = '{class priv.lee90.learn.PongApplication}', contextInitializerClasses = '[]', activeProfiles = '{}', propertySourceLocations = '{}', propertySourceProperties = '{org.springframework.boot.test.autoconfigure.web.reactive.WebFluxTestContextBootstrapper=true}', contextCustomizers = set[[ImportsContextCustomizer@725490dd key = [org.springframework.boot.autoconfigure.cache.CacheAutoConfiguration, org.springframework.boot.autoconfigure.gson.GsonAutoConfiguration, org.springframework.boot.autoconfigure.jackson.JacksonAutoConfiguration, org.springframework.boot.autoconfigure.jsonb.JsonbAutoConfiguration, org.springframework.boot.autoconfigure.context.MessageSourceAutoConfiguration, org.springframework.boot.autoconfigure.freemarker.FreeMarkerAutoConfiguration, org.springframework.boot.autoconfigure.http.codec.CodecsAutoConfiguration, org.springframework.boot.autoconfigure.mustache.MustacheAutoConfiguration, org.springframework.boot.autoconfigure.thymeleaf.ThymeleafAutoConfiguration, org.springframework.boot.autoconfigure.validation.ValidationAutoConfiguration, org.springframework.boot.autoconfigure.web.reactive.WebFluxAutoConfiguration, org.springframework.boot.autoconfigure.web.reactive.error.ErrorWebFluxAutoConfiguration, org.springframework.boot.autoconfigure.security.oauth2.client.reactive.ReactiveOAuth2ClientAutoConfiguration, org.springframework.boot.autoconfigure.security.oauth2.resource.reactive.ReactiveOAuth2ResourceServerAutoConfiguration, org.springframework.boot.autoconfigure.security.reactive.ReactiveSecurityAutoConfiguration, org.springframework.boot.autoconfigure.security.reactive.ReactiveUserDetailsServiceAutoConfiguration, org.springframework.boot.test.autoconfigure.web.reactive.WebTestClientAutoConfiguration]], org.springframework.boot.test.context.filter.ExcludeFilterContextCustomizer@3f8dfe74, org.springframework.boot.test.json.DuplicateJsonObjectContextCustomizerFactory$DuplicateJsonObjectContextCustomizer@d325518, org.springframework.boot.test.mock.mockito.MockitoContextCustomizer@0, org.springframework.boot.test.autoconfigure.OverrideAutoConfigurationContextCustomizerFactory$DisableAutoConfigurationContextCustomizer@14d25b6e, org.springframework.boot.test.autoconfigure.actuate.metrics.MetricsExportContextCustomizerFactory$DisableMetricExportContextCustomizer@5f726750, org.springframework.boot.test.autoconfigure.filter.TypeExcludeFiltersContextCustomizer@56c1c5f6, org.springframework.boot.test.autoconfigure.properties.PropertyMappingContextCustomizer@e3f06377, org.springframework.boot.test.autoconfigure.web.servlet.WebDriverContextCustomizerFactory$Customizer@4b55ff0a, org.spockframework.spring.mock.SpockContextCustomizer@0, org.springframework.boot.test.context.SpringBootTestArgs@1, org.springframework.boot.test.context.SpringBootTestWebEnvironment@0], contextLoader = 'org.springframework.boot.test.context.SpringBootContextLoader', parent = [null]], attributes = map[[empty]]], class annotated with @DirtiesContext [false] with mode [null].
16:24:48.970 [main] DEBUG org.springframework.test.context.support.DependencyInjectionTestExecutionListener - Performing dependency injection for test context [[DefaultTestContext@20cf3ab3 testClass = HelloControllerTest, testInstance = priv.lee90.learn.controller.HelloControllerTest@63e40188, testMethod = [null], testException = [null], mergedContextConfiguration = [ReactiveWebMergedContextConfiguration@1acfc058 testClass = HelloControllerTest, locations = '{}', classes = '{class priv.lee90.learn.PongApplication}', contextInitializerClasses = '[]', activeProfiles = '{}', propertySourceLocations = '{}', propertySourceProperties = '{org.springframework.boot.test.autoconfigure.web.reactive.WebFluxTestContextBootstrapper=true}', contextCustomizers = set[[ImportsContextCustomizer@725490dd key = [org.springframework.boot.autoconfigure.cache.CacheAutoConfiguration, org.springframework.boot.autoconfigure.gson.GsonAutoConfiguration, org.springframework.boot.autoconfigure.jackson.JacksonAutoConfiguration, org.springframework.boot.autoconfigure.jsonb.JsonbAutoConfiguration, org.springframework.boot.autoconfigure.context.MessageSourceAutoConfiguration, org.springframework.boot.autoconfigure.freemarker.FreeMarkerAutoConfiguration, org.springframework.boot.autoconfigure.http.codec.CodecsAutoConfiguration, org.springframework.boot.autoconfigure.mustache.MustacheAutoConfiguration, org.springframework.boot.autoconfigure.thymeleaf.ThymeleafAutoConfiguration, org.springframework.boot.autoconfigure.validation.ValidationAutoConfiguration, org.springframework.boot.autoconfigure.web.reactive.WebFluxAutoConfiguration, org.springframework.boot.autoconfigure.web.reactive.error.ErrorWebFluxAutoConfiguration, org.springframework.boot.autoconfigure.security.oauth2.client.reactive.ReactiveOAuth2ClientAutoConfiguration, org.springframework.boot.autoconfigure.security.oauth2.resource.reactive.ReactiveOAuth2ResourceServerAutoConfiguration, org.springframework.boot.autoconfigure.security.reactive.ReactiveSecurityAutoConfiguration, org.springframework.boot.autoconfigure.security.reactive.ReactiveUserDetailsServiceAutoConfiguration, org.springframework.boot.test.autoconfigure.web.reactive.WebTestClientAutoConfiguration]], org.springframework.boot.test.context.filter.ExcludeFilterContextCustomizer@3f8dfe74, org.springframework.boot.test.json.DuplicateJsonObjectContextCustomizerFactory$DuplicateJsonObjectContextCustomizer@d325518, org.springframework.boot.test.mock.mockito.MockitoContextCustomizer@0, org.springframework.boot.test.autoconfigure.OverrideAutoConfigurationContextCustomizerFactory$DisableAutoConfigurationContextCustomizer@14d25b6e, org.springframework.boot.test.autoconfigure.actuate.metrics.MetricsExportContextCustomizerFactory$DisableMetricExportContextCustomizer@5f726750, org.springframework.boot.test.autoconfigure.filter.TypeExcludeFiltersContextCustomizer@56c1c5f6, org.springframework.boot.test.autoconfigure.properties.PropertyMappingContextCustomizer@e3f06377, org.springframework.boot.test.autoconfigure.web.servlet.WebDriverContextCustomizerFactory$Customizer@4b55ff0a, org.spockframework.spring.mock.SpockContextCustomizer@0, org.springframework.boot.test.context.SpringBootTestArgs@1, org.springframework.boot.test.context.SpringBootTestWebEnvironment@0], contextLoader = 'org.springframework.boot.test.context.SpringBootContextLoader', parent = [null]], attributes = map['org.springframework.test.context.event.ApplicationEventsTestExecutionListener.recordApplicationEvents' -> false]]].

  .   ____          _            __ _ _
 /\\ / ___'_ __ _ _(_)_ __  __ _ \ \ \ \
( ( )\___ | '_ | '_| | '_ \/ _` | \ \ \ \
 \\/  ___)| |_)| | | | | || (_| |  ) ) ) )
  '  |____| .__|_| |_|_| |_\__, | / / / /
 =========|_|==============|___/=/_/_/_/
 :: Spring Boot ::               (v2.6.13)

2024-09-25 16:24:49.471  INFO 31320 --- [           main] p.l.l.controller.HelloControllerTest     : Starting HelloControllerTest using Java 1.8.0_181 on EthanLee with PID 31320 (started by 李志健 in D:\workspace\springboot\ping-pong-demo\pong-service)
2024-09-25 16:24:49.473  INFO 31320 --- [           main] p.l.l.controller.HelloControllerTest     : No active profile set, falling back to 1 default profile: "default"
2024-09-25 16:24:50.784  INFO 31320 --- [           main] p.l.l.controller.HelloControllerTest     : Started HelloControllerTest in 1.78 seconds (JVM running for 3.542)
]]></system-out>
  </testcase>
</testsuite>